  main.cpp
D:\Ogre3D\ogre-1.12.11\OgreMain\include\OgreAxisAlignedBox.h(66,25): warning C4251: 'Ogre::AxisAlignedBox::mMinimum': class 'Ogre::Vector<3,Ogre::Real>' needs to have dll-interface to be used by clients of class 'Ogre::AxisAlignedBox'
D:\Ogre3D\ogre-1.12.11\OgreMain\include\OgrePrerequisites.h(257): message : see declaration of 'Ogre::Vector<3,Ogre::Real>'
D:\Ogre3D\ogre-1.12.11\OgreMain\include\OgreAxisAlignedBox.h(67,25): warning C4251: 'Ogre::AxisAlignedBox::mMaximum': class 'Ogre::Vector<3,Ogre::Real>' needs to have dll-interface to be used by clients of class 'Ogre::AxisAlignedBox'
D:\Ogre3D\ogre-1.12.11\OgreMain\include\OgrePrerequisites.h(257): message : see declaration of 'Ogre::Vector<3,Ogre::Real>'
D:\Ogre3D\ogre-1.12.11\OgreMain\include\OgrePlane.h(65,23): warning C4251: 'Ogre::Plane::normal': class 'Ogre::Vector<3,Ogre::Real>' needs to have dll-interface to be used by clients of class 'Ogre::Plane'
D:\Ogre3D\ogre-1.12.11\OgreMain\include\OgrePrerequisites.h(257): message : see declaration of 'Ogre::Vector<3,Ogre::Real>'
D:\Ogre3D\ogre-1.12.11\OgreMain\include\OgreSphere.h(56,24): warning C4251: 'Ogre::Sphere::mCenter': class 'Ogre::Vector<3,Ogre::Real>' needs to have dll-interface to be used by clients of class 'Ogre::Sphere'
D:\Ogre3D\ogre-1.12.11\OgreMain\include\OgrePrerequisites.h(257): message : see declaration of 'Ogre::Vector<3,Ogre::Real>'
D:\Ogre3D\ogre-1.12.11\OgreMain\include\OgreBone.h(140,41): warning C4251: 'Ogre::Bone::mBindDerivedInverseScale': class 'Ogre::Vector<3,Ogre::Real>' needs to have dll-interface to be used by clients of class 'Ogre::Bone'
D:\Ogre3D\ogre-1.12.11\OgreMain\include\OgrePrerequisites.h(257): message : see declaration of 'Ogre::Vector<3,Ogre::Real>'
D:\Ogre3D\ogre-1.12.11\OgreMain\include\OgreBone.h(144,44): warning C4251: 'Ogre::Bone::mBindDerivedInversePosition': class 'Ogre::Vector<3,Ogre::Real>' needs to have dll-interface to be used by clients of class 'Ogre::Bone'
D:\Ogre3D\ogre-1.12.11\OgreMain\include\OgrePrerequisites.h(257): message : see declaration of 'Ogre::Vector<3,Ogre::Real>'
D:\Ogre3D\ogre-1.12.11\OgreMain\include\OgreRenderSystem.h(974,1): warning C4267: 'argument': conversion from 'size_t' to 'const T', possible loss of data
          with
          [
              T=long
          ]
D:\Ogre3D\ogre-1.12.11\OgreMain\include\OgreRay.h(48,24): warning C4251: 'Ogre::Ray::mOrigin': class 'Ogre::Vector<3,Ogre::Real>' needs to have dll-interface to be used by clients of class 'Ogre::Ray'
D:\Ogre3D\ogre-1.12.11\OgreMain\include\OgrePrerequisites.h(257): message : see declaration of 'Ogre::Vector<3,Ogre::Real>'
D:\Ogre3D\ogre-1.12.11\OgreMain\include\OgreRay.h(49,27): warning C4251: 'Ogre::Ray::mDirection': class 'Ogre::Vector<3,Ogre::Real>' needs to have dll-interface to be used by clients of class 'Ogre::Ray'
D:\Ogre3D\ogre-1.12.11\OgreMain\include\OgrePrerequisites.h(257): message : see declaration of 'Ogre::Vector<3,Ogre::Real>'
D:\Ogre3D\ogre-1.12.11\OgreMain\include\OgreAutoParamDataSource.h(74,40): warning C4251: 'Ogre::AutoParamDataSource::mCameraPosition': class 'Ogre::Vector<4,Ogre::Real>' needs to have dll-interface to be used by clients of class 'Ogre::AutoParamDataSource'
D:\Ogre3D\ogre-1.12.11\OgreMain\include\OgrePrerequisites.h(260): message : see declaration of 'Ogre::Vector<4,Ogre::Real>'
D:\Ogre3D\ogre-1.12.11\OgreMain\include\OgreAutoParamDataSource.h(75,51): warning C4251: 'Ogre::AutoParamDataSource::mCameraPositionObjectSpace': class 'Ogre::Vector<4,Ogre::Real>' needs to have dll-interface to be used by clients of class 'Ogre::AutoParamDataSource'
D:\Ogre3D\ogre-1.12.11\OgreMain\include\OgrePrerequisites.h(260): message : see declaration of 'Ogre::Vector<4,Ogre::Real>'
D:\Ogre3D\ogre-1.12.11\OgreMain\include\OgreAutoParamDataSource.h(80,76): warning C4251: 'Ogre::AutoParamDataSource::mShadowCamDepthRanges': class 'Ogre::Vector<4,Ogre::Real>' needs to have dll-interface to be used by clients of class 'Ogre::AutoParamDataSource'
D:\Ogre3D\ogre-1.12.11\OgreMain\include\OgrePrerequisites.h(260): message : see declaration of 'Ogre::Vector<4,Ogre::Real>'
D:\Ogre3D\ogre-1.12.11\OgreMain\include\OgreAutoParamDataSource.h(85,43): warning C4251: 'Ogre::AutoParamDataSource::mLodCameraPosition': class 'Ogre::Vector<4,Ogre::Real>' needs to have dll-interface to be used by clients of class 'Ogre::AutoParamDataSource'
D:\Ogre3D\ogre-1.12.11\OgreMain\include\OgrePrerequisites.h(260): message : see declaration of 'Ogre::Vector<4,Ogre::Real>'
D:\Ogre3D\ogre-1.12.11\OgreMain\include\OgreAutoParamDataSource.h(86,54): warning C4251: 'Ogre::AutoParamDataSource::mLodCameraPositionObjectSpace': class 'Ogre::Vector<4,Ogre::Real>' needs to have dll-interface to be used by clients of class 'Ogre::AutoParamDataSource'
D:\Ogre3D\ogre-1.12.11\OgreMain\include\OgrePrerequisites.h(260): message : see declaration of 'Ogre::Vector<4,Ogre::Real>'
D:\Ogre3D\ogre-1.12.11\OgreMain\include\OgreAutoParamDataSource.h(108,28): warning C4251: 'Ogre::AutoParamDataSource::mFogParams': class 'Ogre::Vector<4,Ogre::Real>' needs to have dll-interface to be used by clients of class 'Ogre::AutoParamDataSource'
D:\Ogre3D\ogre-1.12.11\OgreMain\include\OgrePrerequisites.h(260): message : see declaration of 'Ogre::Vector<4,Ogre::Real>'
D:\Ogre3D\ogre-1.12.11\OgreMain\include\OgreAutoParamDataSource.h(109,30): warning C4251: 'Ogre::AutoParamDataSource::mPointParams': class 'Ogre::Vector<4,Ogre::Real>' needs to have dll-interface to be used by clients of class 'Ogre::AutoParamDataSource'
D:\Ogre3D\ogre-1.12.11\OgreMain\include\OgrePrerequisites.h(260): message : see declaration of 'Ogre::Vector<4,Ogre::Real>'
D:\Ogre3D\ogre-1.12.11\OgreMain\include\OgreAutoParamDataSource.h(111,41): warning C4251: 'Ogre::AutoParamDataSource::mSceneDepthRange': class 'Ogre::Vector<4,Ogre::Real>' needs to have dll-interface to be used by clients of class 'Ogre::AutoParamDataSource'
D:\Ogre3D\ogre-1.12.11\OgreMain\include\OgrePrerequisites.h(260): message : see declaration of 'Ogre::Vector<4,Ogre::Real>'
D:\Ogre3D\ogre-1.12.11\OgreMain\include\OgreAutoParamDataSource.h(119,40): warning C4251: 'Ogre::AutoParamDataSource::mCameraRelativePosition': class 'Ogre::Vector<3,Ogre::Real>' needs to have dll-interface to be used by clients of class 'Ogre::AutoParamDataSource'
D:\Ogre3D\ogre-1.12.11\OgreMain\include\OgrePrerequisites.h(257): message : see declaration of 'Ogre::Vector<3,Ogre::Real>'
D:\Ogre3D\ogre-1.12.11\OgreMain\include\OgreTextureManager.h(417,35): warning C4251: 'Ogre::TextureManager::mWarningTexture': class 'Ogre::SharedPtr<Ogre::Texture>' needs to have dll-interface to be used by clients of class 'Ogre::TextureManager'
D:\Ogre3D\ogre-1.12.11\OgreMain\include\OgrePrerequisites.h(308): message : see declaration of 'Ogre::SharedPtr<Ogre::Texture>'
D:\Ogre3D\ogre-1.12.11\OgreMain\include\OgreTextureManager.h(418,35): warning C4251: 'Ogre::TextureManager::mDefaultSampler': class 'std::shared_ptr<Ogre::Sampler>' needs to have dll-interface to be used by clients of class 'Ogre::TextureManager'
D:\Ogre3D\ogre-1.12.11\OgreMain\include\OgreTextureUnitState.h(223): message : see declaration of 'std::shared_ptr<Ogre::Sampler>'
D:\Ogre3D\ogre-1.12.11\OgreMain\include\OgreTextureManager.h(419,52): warning C4251: 'Ogre::TextureManager::mNamedSamplers': class 'std::map<Ogre::String,Ogre::SamplerPtr,std::less<Ogre::String>,std::allocator<std::pair<const Ogre::String,Ogre::SamplerPtr>>>' needs to have dll-interface to be used by clients of class 'Ogre::TextureManager'
D:\Ogre3D\ogre-1.12.11\OgreMain\include\OgreTextureManager.h(419): message : see declaration of 'std::map<Ogre::String,Ogre::SamplerPtr,std::less<Ogre::String>,std::allocator<std::pair<const Ogre::String,Ogre::SamplerPtr>>>'
D:\Ogre3D\ogre-1.12.11\OgreMain\include\OgreTimer.h(41,52): warning C4251: 'Ogre::Timer::start': class 'std::chrono::time_point<std::chrono::steady_clock,std::chrono::nanoseconds>' needs to have dll-interface to be used by clients of class 'Ogre::Timer'
C:\Program Files (x86)\Microsoft Visual Studio\2019\Community\VC\Tools\MSVC\14.27.29110\include\chrono(603): message : see declaration of 'std::chrono::time_point<std::chrono::steady_clock,std::chrono::nanoseconds>'
D:\Ogre3D\ogre-1.12.11\Components\Bites\include\OgreStaticPluginLoader.h(27,44): warning C4251: 'OgreBites::StaticPluginLoader::mPlugins': class 'std::vector<Ogre::Plugin *,std::allocator<Ogre::Plugin *>>' needs to have dll-interface to be used by clients of class 'OgreBites::StaticPluginLoader'
D:\Ogre3D\ogre-1.12.11\OgreMain\include\OgreRoot.h(73): message : see declaration of 'std::vector<Ogre::Plugin *,std::allocator<Ogre::Plugin *>>'
D:\Ogre3D\ogre-1.12.11\Components\RTShaderSystem\include\OgreShaderProgramManager.h(195,40): warning C4251: 'Ogre::RTShader::ProgramManager::mProgramWritersMap': class 'std::map<Ogre::String,Ogre::RTShader::ProgramWriter *,std::less<Ogre::String>,std::allocator<std::pair<const Ogre::String,Ogre::RTShader::ProgramWriter *>>>' needs to have dll-interface to be used by clients of class 'Ogre::RTShader::ProgramManager'
D:\Ogre3D\ogre-1.12.11\Components\RTShaderSystem\include\OgreShaderProgramManager.h(100): message : see declaration of 'std::map<Ogre::String,Ogre::RTShader::ProgramWriter *,std::less<Ogre::String>,std::allocator<std::pair<const Ogre::String,Ogre::RTShader::ProgramWriter *>>>'
D:\Ogre3D\ogre-1.12.11\Components\RTShaderSystem\include\OgreShaderProgramManager.h(197,46): warning C4251: 'Ogre::RTShader::ProgramManager::mProgramProcessorsMap': class 'std::map<Ogre::String,Ogre::RTShader::ProgramProcessor *,std::less<Ogre::String>,std::allocator<std::pair<const Ogre::String,Ogre::RTShader::ProgramProcessor *>>>' needs to have dll-interface to be used by clients of class 'Ogre::RTShader::ProgramManager'
D:\Ogre3D\ogre-1.12.11\Components\RTShaderSystem\include\OgreShaderProgramManager.h(105): message : see declaration of 'std::map<Ogre::String,Ogre::RTShader::ProgramProcessor *,std::less<Ogre::String>,std::allocator<std::pair<const Ogre::String,Ogre::RTShader::ProgramProcessor *>>>'
D:\Ogre3D\ogre-1.12.11\Components\RTShaderSystem\include\OgreShaderProgramManager.h(199,53): warning C4251: 'Ogre::RTShader::ProgramManager::mProgramWriterFactories': class 'std::vector<Ogre::RTShader::ProgramWriterFactory *,std::allocator<Ogre::RTShader::ProgramWriterFactory *>>' needs to have dll-interface to be used by clients of class 'Ogre::RTShader::ProgramManager'
D:\Ogre3D\ogre-1.12.11\Components\RTShaderSystem\include\OgreShaderProgramManager.h(102): message : see declaration of 'std::vector<Ogre::RTShader::ProgramWriterFactory *,std::allocator<Ogre::RTShader::ProgramWriterFactory *>>'
D:\Ogre3D\ogre-1.12.11\Components\RTShaderSystem\include\OgreShaderProgramManager.h(201,36): warning C4251: 'Ogre::RTShader::ProgramManager::mVertexShaderMap': class 'std::map<Ogre::String,Ogre::GpuProgramPtr,std::less<Ogre::String>,std::allocator<std::pair<const Ogre::String,Ogre::GpuProgramPtr>>>' needs to have dll-interface to be used by clients of class 'Ogre::RTShader::ProgramManager'
D:\Ogre3D\ogre-1.12.11\Components\RTShaderSystem\include\OgreShaderProgramManager.h(93): message : see declaration of 'std::map<Ogre::String,Ogre::GpuProgramPtr,std::less<Ogre::String>,std::allocator<std::pair<const Ogre::String,Ogre::GpuProgramPtr>>>'
D:\Ogre3D\ogre-1.12.11\Components\RTShaderSystem\include\OgreShaderProgramManager.h(203,38): warning C4251: 'Ogre::RTShader::ProgramManager::mFragmentShaderMap': class 'std::map<Ogre::String,Ogre::GpuProgramPtr,std::less<Ogre::String>,std::allocator<std::pair<const Ogre::String,Ogre::GpuProgramPtr>>>' needs to have dll-interface to be used by clients of class 'Ogre::RTShader::ProgramManager'
D:\Ogre3D\ogre-1.12.11\Components\RTShaderSystem\include\OgreShaderProgramManager.h(93): message : see declaration of 'std::map<Ogre::String,Ogre::GpuProgramPtr,std::less<Ogre::String>,std::allocator<std::pair<const Ogre::String,Ogre::GpuProgramPtr>>>'
D:\Ogre3D\ogre-1.12.11\Components\RTShaderSystem\include\OgreShaderProgramManager.h(205,51): warning C4251: 'Ogre::RTShader::ProgramManager::mDefaultProgramProcessors': class 'std::vector<Ogre::RTShader::ProgramProcessor *,std::allocator<Ogre::RTShader::ProgramProcessor *>>' needs to have dll-interface to be used by clients of class 'Ogre::RTShader::ProgramManager'
D:\Ogre3D\ogre-1.12.11\Components\RTShaderSystem\include\OgreShaderProgramManager.h(108): message : see declaration of 'std::vector<Ogre::RTShader::ProgramProcessor *,std::allocator<Ogre::RTShader::ProgramProcessor *>>'
D:\Ogre3D\ogre-1.12.11\Components\RTShaderSystem\include\OgreShaderParameter.h(376,17): warning C4251: 'Ogre::RTShader::Parameter::mName': class 'std::basic_string<char,std::char_traits<char>,std::allocator<char>>' needs to have dll-interface to be used by clients of class 'Ogre::RTShader::Parameter'
C:\Program Files (x86)\Microsoft Visual Studio\2019\Community\VC\Tools\MSVC\14.27.29110\include\xstring(4564): message : see declaration of 'std::basic_string<char,std::char_traits<char>,std::allocator<char>>'
D:\Ogre3D\ogre-1.12.11\Components\RTShaderSystem\include\OgreShaderParameter.h(379,21): warning C4251: 'Ogre::RTShader::Parameter::mBindName': class 'std::basic_string<char,std::char_traits<char>,std::allocator<char>>' needs to have dll-interface to be used by clients of class 'Ogre::RTShader::Parameter'
C:\Program Files (x86)\Microsoft Visual Studio\2019\Community\VC\Tools\MSVC\14.27.29110\include\xstring(4564): message : see declaration of 'std::basic_string<char,std::char_traits<char>,std::allocator<char>>'
D:\Ogre3D\ogre-1.12.11\Components\RTShaderSystem\include\OgreShaderParameter.h(592,1): warning C4267: 'argument': conversion from 'size_t' to 'Ogre::uint8', possible loss of data
D:\Ogre3D\ogre-1.12.11\Components\RTShaderSystem\include\OgreShaderParameter.h(592,1): warning C4267: 'argument': conversion from 'size_t' to 'Ogre::uint32', possible loss of data
D:\Ogre3D\ogre-1.12.11\Components\RTShaderSystem\include\OgreShaderSubRenderState.h(154,52): warning C4251: 'Ogre::RTShader::SubRenderState::mThisAccessor': class 'Ogre::SharedPtr<Ogre::RTShader::SubRenderStateAccessor>' needs to have dll-interface to be used by clients of class 'Ogre::RTShader::SubRenderState'
D:\Ogre3D\ogre-1.12.11\Components\RTShaderSystem\include\OgreShaderSubRenderState.h(43): message : see declaration of 'Ogre::SharedPtr<Ogre::RTShader::SubRenderStateAccessor>'
D:\Ogre3D\ogre-1.12.11\Components\RTShaderSystem\include\OgreShaderSubRenderState.h(156,45): warning C4251: 'Ogre::RTShader::SubRenderState::mOtherAccessor': class 'Ogre::SharedPtr<Ogre::RTShader::SubRenderStateAccessor>' needs to have dll-interface to be used by clients of class 'Ogre::RTShader::SubRenderState'
D:\Ogre3D\ogre-1.12.11\Components\RTShaderSystem\include\OgreShaderSubRenderState.h(43): message : see declaration of 'Ogre::SharedPtr<Ogre::RTShader::SubRenderStateAccessor>'
D:\Ogre3D\ogre-1.12.11\Components\RTShaderSystem\include\OgreShaderSubRenderState.h(211,58): warning C4251: 'Ogre::RTShader::SubRenderStateAccessor::mSubRenderStateInstancesSet': class 'std::set<Ogre::RTShader::SubRenderState *,std::less<Ogre::RTShader::SubRenderState *>,std::allocator<Ogre::RTShader::SubRenderState *>>' needs to have dll-interface to be used by clients of class 'Ogre::RTShader::SubRenderStateAccessor'
D:\Ogre3D\ogre-1.12.11\Components\RTShaderSystem\include\OgreShaderSubRenderState.h(164): message : see declaration of 'std::set<Ogre::RTShader::SubRenderState *,std::less<Ogre::RTShader::SubRenderState *>,std::allocator<Ogre::RTShader::SubRenderState *>>'
D:\Ogre3D\ogre-1.12.11\Components\RTShaderSystem\include\OgreShaderSubRenderState.h(316,42): warning C4251: 'Ogre::RTShader::SubRenderStateFactory::mSubRenderStateList': class 'std::set<Ogre::RTShader::SubRenderState *,std::less<Ogre::RTShader::SubRenderState *>,std::allocator<Ogre::RTShader::SubRenderState *>>' needs to have dll-interface to be used by clients of class 'Ogre::RTShader::SubRenderStateFactory'
D:\Ogre3D\ogre-1.12.11\Components\RTShaderSystem\include\OgreShaderSubRenderState.h(164): message : see declaration of 'std::set<Ogre::RTShader::SubRenderState *,std::less<Ogre::RTShader::SubRenderState *>,std::allocator<Ogre::RTShader::SubRenderState *>>'
D:\Ogre3D\ogre-1.12.11\Components\RTShaderSystem\include\OgreShaderProgramSet.h(71,43): warning C4251: 'Ogre::RTShader::ProgramSet::mVSCpuProgram': class 'std::unique_ptr<Ogre::RTShader::Program,std::default_delete<Ogre::RTShader::Program>>' needs to have dll-interface to be used by clients of class 'Ogre::RTShader::ProgramSet'
D:\Ogre3D\ogre-1.12.11\Components\RTShaderSystem\include\OgreShaderProgramSet.h(65): message : see declaration of 'std::unique_ptr<Ogre::RTShader::Program,std::default_delete<Ogre::RTShader::Program>>'
D:\Ogre3D\ogre-1.12.11\Components\RTShaderSystem\include\OgreShaderProgramSet.h(73,43): warning C4251: 'Ogre::RTShader::ProgramSet::mPSCpuProgram': class 'std::unique_ptr<Ogre::RTShader::Program,std::default_delete<Ogre::RTShader::Program>>' needs to have dll-interface to be used by clients of class 'Ogre::RTShader::ProgramSet'
D:\Ogre3D\ogre-1.12.11\Components\RTShaderSystem\include\OgreShaderProgramSet.h(65): message : see declaration of 'std::unique_ptr<Ogre::RTShader::Program,std::default_delete<Ogre::RTShader::Program>>'
D:\Ogre3D\ogre-1.12.11\Components\RTShaderSystem\include\OgreShaderProgramSet.h(75,32): warning C4251: 'Ogre::RTShader::ProgramSet::mVSGpuProgram': class 'Ogre::SharedPtr<Ogre::GpuProgram>' needs to have dll-interface to be used by clients of class 'Ogre::RTShader::ProgramSet'
D:\Ogre3D\ogre-1.12.11\OgreMain\include\OgrePrerequisites.h(287): message : see declaration of 'Ogre::SharedPtr<Ogre::GpuProgram>'
D:\Ogre3D\ogre-1.12.11\Components\RTShaderSystem\include\OgreShaderProgramSet.h(77,32): warning C4251: 'Ogre::RTShader::ProgramSet::mPSGpuProgram': class 'Ogre::SharedPtr<Ogre::GpuProgram>' needs to have dll-interface to be used by clients of class 'Ogre::RTShader::ProgramSet'
D:\Ogre3D\ogre-1.12.11\OgreMain\include\OgrePrerequisites.h(287): message : see declaration of 'Ogre::SharedPtr<Ogre::GpuProgram>'
D:\Ogre3D\ogre-1.12.11\Components\RTShaderSystem\include\OgreShaderRenderState.h(123,43): warning C4251: 'Ogre::RTShader::RenderState::mSubRenderStateList': class 'std::vector<Ogre::RTShader::SubRenderState *,std::allocator<Ogre::RTShader::SubRenderState *>>' needs to have dll-interface to be used by clients of class 'Ogre::RTShader::RenderState'
D:\Ogre3D\ogre-1.12.11\Components\RTShaderSystem\include\OgreShaderSubRenderState.h(160): message : see declaration of 'std::vector<Ogre::RTShader::SubRenderState *,std::allocator<Ogre::RTShader::SubRenderState *>>'
D:\Ogre3D\ogre-1.12.11\Components\RTShaderSystem\include\OgreShaderRenderState.h(125,25): warning C4251: 'Ogre::RTShader::RenderState::mLightCount': class 'Ogre::Vector<3,int>' needs to have dll-interface to be used by clients of class 'Ogre::RTShader::RenderState'
D:\Ogre3D\ogre-1.12.11\OgreMain\include\OgrePrerequisites.h(259): message : see declaration of 'Ogre::Vector<3,int>'
D:\Ogre3D\ogre-1.12.11\Components\RTShaderSystem\include\OgreShaderRenderState.h(213,44): warning C4251: 'Ogre::RTShader::TargetRenderState::mProgramSet': class 'std::unique_ptr<Ogre::RTShader::ProgramSet,std::default_delete<Ogre::RTShader::ProgramSet>>' needs to have dll-interface to be used by clients of class 'Ogre::RTShader::TargetRenderState'
D:\Ogre3D\ogre-1.12.11\Components\RTShaderSystem\include\OgreShaderRenderState.h(213): message : see declaration of 'std::unique_ptr<Ogre::RTShader::ProgramSet,std::default_delete<Ogre::RTShader::ProgramSet>>'
D:\Ogre3D\ogre-1.12.11\Components\RTShaderSystem\include\OgreShaderGenerator.h(459,38): warning C4251: 'Ogre::RTShader::ShaderGenerator::DEFAULT_SCHEME_NAME': class 'std::basic_string<char,std::char_traits<char>,std::allocator<char>>' needs to have dll-interface to be used by clients of class 'Ogre::RTShader::ShaderGenerator'
C:\Program Files (x86)\Microsoft Visual Studio\2019\Community\VC\Tools\MSVC\14.27.29110\include\xstring(4564): message : see declaration of 'std::basic_string<char,std::char_traits<char>,std::allocator<char>>'
D:\Ogre3D\ogre-1.12.11\Components\RTShaderSystem\include\OgreShaderGenerator.h(598,30): warning C4251: 'Ogre::RTShader::ShaderGenerator::SGTechnique::UserKey': class 'std::basic_string<char,std::char_traits<char>,std::allocator<char>>' needs to have dll-interface to be used by clients of class 'Ogre::RTShader::ShaderGenerator::SGTechnique'
C:\Program Files (x86)\Microsoft Visual Studio\2019\Community\VC\Tools\MSVC\14.27.29110\include\xstring(4564): message : see declaration of 'std::basic_string<char,std::char_traits<char>,std::allocator<char>>'
D:\Ogre3D\ogre-1.12.11\Components\RTShaderSystem\include\OgreShaderGenerator.h(621,32): warning C4251: 'Ogre::RTShader::ShaderGenerator::SGTechnique::mPassEntries': class 'std::vector<Ogre::RTShader::ShaderGenerator::SGPass *,std::allocator<Ogre::RTShader::ShaderGenerator::SGPass *>>' needs to have dll-interface to be used by clients of class 'Ogre::RTShader::ShaderGenerator::SGTechnique'
D:\Ogre3D\ogre-1.12.11\Components\RTShaderSystem\include\OgreShaderGenerator.h(479): message : see declaration of 'std::vector<Ogre::RTShader::ShaderGenerator::SGPass *,std::allocator<Ogre::RTShader::ShaderGenerator::SGPass *>>'
D:\Ogre3D\ogre-1.12.11\Components\RTShaderSystem\include\OgreShaderGenerator.h(624,44): warning C4251: 'Ogre::RTShader::ShaderGenerator::SGTechnique::mCustomRenderStates': class 'std::vector<Ogre::RTShader::RenderState *,std::allocator<Ogre::RTShader::RenderState *>>' needs to have dll-interface to be used by clients of class 'Ogre::RTShader::ShaderGenerator::SGTechnique'
D:\Ogre3D\ogre-1.12.11\Components\RTShaderSystem\include\OgreShaderGenerator.h(623): message : see declaration of 'std::vector<Ogre::RTShader::RenderState *,std::allocator<Ogre::RTShader::RenderState *>>'
D:\Ogre3D\ogre-1.12.11\Components\RTShaderSystem\include\OgreShaderGenerator.h(628,39): warning C4251: 'Ogre::RTShader::ShaderGenerator::SGTechnique::mDstTechniqueSchemeName': class 'std::basic_string<char,std::char_traits<char>,std::allocator<char>>' needs to have dll-interface to be used by clients of class 'Ogre::RTShader::ShaderGenerator::SGTechnique'
C:\Program Files (x86)\Microsoft Visual Studio\2019\Community\VC\Tools\MSVC\14.27.29110\include\xstring(4564): message : see declaration of 'std::basic_string<char,std::char_traits<char>,std::allocator<char>>'
D:\Ogre3D\ogre-1.12.11\Components\RTShaderSystem\include\OgreShaderGenerator.h(656,21): warning C4251: 'Ogre::RTShader::ShaderGenerator::SGMaterial::mName': class 'std::basic_string<char,std::char_traits<char>,std::allocator<char>>' needs to have dll-interface to be used by clients of class 'Ogre::RTShader::ShaderGenerator::SGMaterial'
C:\Program Files (x86)\Microsoft Visual Studio\2019\Community\VC\Tools\MSVC\14.27.29110\include\xstring(4564): message : see declaration of 'std::basic_string<char,std::char_traits<char>,std::allocator<char>>'
D:\Ogre3D\ogre-1.12.11\Components\RTShaderSystem\include\OgreShaderGenerator.h(658,22): warning C4251: 'Ogre::RTShader::ShaderGenerator::SGMaterial::mGroup': class 'std::basic_string<char,std::char_traits<char>,std::allocator<char>>' needs to have dll-interface to be used by clients of class 'Ogre::RTShader::ShaderGenerator::SGMaterial'
C:\Program Files (x86)\Microsoft Visual Studio\2019\Community\VC\Tools\MSVC\14.27.29110\include\xstring(4564): message : see declaration of 'std::basic_string<char,std::char_traits<char>,std::allocator<char>>'
D:\Ogre3D\ogre-1.12.11\Components\RTShaderSystem\include\OgreShaderGenerator.h(660,42): warning C4251: 'Ogre::RTShader::ShaderGenerator::SGMaterial::mTechniqueEntries': class 'std::vector<Ogre::RTShader::ShaderGenerator::SGTechnique *,std::allocator<Ogre::RTShader::ShaderGenerator::SGTechnique *>>' needs to have dll-interface to be used by clients of class 'Ogre::RTShader::ShaderGenerator::SGMaterial'
D:\Ogre3D\ogre-1.12.11\Components\RTShaderSystem\include\OgreShaderGenerator.h(483): message : see declaration of 'std::vector<Ogre::RTShader::ShaderGenerator::SGTechnique *,std::allocator<Ogre::RTShader::ShaderGenerator::SGTechnique *>>'
D:\Ogre3D\ogre-1.12.11\Components\RTShaderSystem\include\OgreShaderGenerator.h(733,21): warning C4251: 'Ogre::RTShader::ShaderGenerator::SGScheme::mName': class 'std::basic_string<char,std::char_traits<char>,std::allocator<char>>' needs to have dll-interface to be used by clients of class 'Ogre::RTShader::ShaderGenerator::SGScheme'
C:\Program Files (x86)\Microsoft Visual Studio\2019\Community\VC\Tools\MSVC\14.27.29110\include\xstring(4564): message : see declaration of 'std::basic_string<char,std::char_traits<char>,std::allocator<char>>'
D:\Ogre3D\ogre-1.12.11\Components\RTShaderSystem\include\OgreShaderGenerator.h(735,42): warning C4251: 'Ogre::RTShader::ShaderGenerator::SGScheme::mTechniqueEntries': class 'std::vector<Ogre::RTShader::ShaderGenerator::SGTechnique *,std::allocator<Ogre::RTShader::ShaderGenerator::SGTechnique *>>' needs to have dll-interface to be used by clients of class 'Ogre::RTShader::ShaderGenerator::SGScheme'
D:\Ogre3D\ogre-1.12.11\Components\RTShaderSystem\include\OgreShaderGenerator.h(483): message : see declaration of 'std::vector<Ogre::RTShader::ShaderGenerator::SGTechnique *,std::allocator<Ogre::RTShader::ShaderGenerator::SGTechnique *>>'
D:\Ogre3D\ogre-1.12.11\Components\RTShaderSystem\include\OgreShaderGenerator.h(739,50): warning C4251: 'Ogre::RTShader::ShaderGenerator::SGScheme::mRenderState': class 'std::unique_ptr<Ogre::RTShader::RenderState,std::default_delete<Ogre::RTShader::RenderState>>' needs to have dll-interface to be used by clients of class 'Ogre::RTShader::ShaderGenerator::SGScheme'
D:\Ogre3D\ogre-1.12.11\Components\RTShaderSystem\include\OgreShaderGenerator.h(739): message : see declaration of 'std::unique_ptr<Ogre::RTShader::RenderState,std::default_delete<Ogre::RTShader::RenderState>>'
D:\Ogre3D\ogre-1.12.11\Components\RTShaderSystem\include\OgreShaderGenerator.h(849,37): warning C4251: 'Ogre::RTShader::ShaderGenerator::mSceneManagerMap': class 'std::set<Ogre::SceneManager *,std::less<Ogre::SceneManager *>,std::allocator<Ogre::SceneManager *>>' needs to have dll-interface to be used by clients of class 'Ogre::RTShader::ShaderGenerator'
D:\Ogre3D\ogre-1.12.11\Components\RTShaderSystem\include\OgreShaderGenerator.h(753): message : see declaration of 'std::set<Ogre::SceneManager *,std::less<Ogre::SceneManager *>,std::allocator<Ogre::SceneManager *>>'
D:\Ogre3D\ogre-1.12.11\Components\RTShaderSystem\include\OgreShaderGenerator.h(851,66): warning C4251: 'Ogre::RTShader::ShaderGenerator::mRenderObjectListener': class 'std::unique_ptr<Ogre::RTShader::SGRenderObjectListener,std::default_delete<Ogre::RTShader::SGRenderObjectListener>>' needs to have dll-interface to be used by clients of class 'Ogre::RTShader::ShaderGenerator'
D:\Ogre3D\ogre-1.12.11\Components\RTShaderSystem\include\OgreShaderGenerator.h(851): message : see declaration of 'std::unique_ptr<Ogre::RTShader::SGRenderObjectListener,std::default_delete<Ogre::RTShader::SGRenderObjectListener>>'
D:\Ogre3D\ogre-1.12.11\Components\RTShaderSystem\include\OgreShaderGenerator.h(853,66): warning C4251: 'Ogre::RTShader::ShaderGenerator::mSceneManagerListener': class 'std::unique_ptr<Ogre::RTShader::SGSceneManagerListener,std::default_delete<Ogre::RTShader::SGSceneManagerListener>>' needs to have dll-interface to be used by clients of class 'Ogre::RTShader::ShaderGenerator'
D:\Ogre3D\ogre-1.12.11\Components\RTShaderSystem\include\OgreShaderGenerator.h(853): message : see declaration of 'std::unique_ptr<Ogre::RTShader::SGSceneManagerListener,std::default_delete<Ogre::RTShader::SGSceneManagerListener>>'
D:\Ogre3D\ogre-1.12.11\Components\RTShaderSystem\include\OgreShaderGenerator.h(855,72): warning C4251: 'Ogre::RTShader::ShaderGenerator::mScriptTranslatorManager': class 'std::unique_ptr<Ogre::RTShader::SGScriptTranslatorManager,std::default_delete<Ogre::RTShader::SGScriptTranslatorManager>>' needs to have dll-interface to be used by clients of class 'Ogre::RTShader::ShaderGenerator'
D:\Ogre3D\ogre-1.12.11\Components\RTShaderSystem\include\OgreShaderGenerator.h(855): message : see declaration of 'std::unique_ptr<Ogre::RTShader::SGScriptTranslatorManager,std::default_delete<Ogre::RTShader::SGScriptTranslatorManager>>'
D:\Ogre3D\ogre-1.12.11\Components\RTShaderSystem\include\OgreShaderGenerator.h(857,78): warning C4251: 'Ogre::RTShader::ShaderGenerator::mMaterialSerializerListener': class 'std::unique_ptr<Ogre::RTShader::SGMaterialSerializerListener,std::default_delete<Ogre::RTShader::SGMaterialSerializerListener>>' needs to have dll-interface to be used by clients of class 'Ogre::RTShader::ShaderGenerator'
D:\Ogre3D\ogre-1.12.11\Components\RTShaderSystem\include\OgreShaderGenerator.h(857): message : see declaration of 'std::unique_ptr<Ogre::RTShader::SGMaterialSerializerListener,std::default_delete<Ogre::RTShader::SGMaterialSerializerListener>>'
D:\Ogre3D\ogre-1.12.11\Components\RTShaderSystem\include\OgreShaderGenerator.h(859,68): warning C4251: 'Ogre::RTShader::ShaderGenerator::mResourceGroupListener': class 'std::unique_ptr<Ogre::RTShader::SGResourceGroupListener,std::default_delete<Ogre::RTShader::SGResourceGroupListener>>' needs to have dll-interface to be used by clients of class 'Ogre::RTShader::ShaderGenerator'
D:\Ogre3D\ogre-1.12.11\Components\RTShaderSystem\include\OgreShaderGenerator.h(859): message : see declaration of 'std::unique_ptr<Ogre::RTShader::SGResourceGroupListener,std::default_delete<Ogre::RTShader::SGResourceGroupListener>>'
D:\Ogre3D\ogre-1.12.11\Components\RTShaderSystem\include\OgreShaderGenerator.h(863,27): warning C4251: 'Ogre::RTShader::ShaderGenerator::mShaderLanguage': class 'std::basic_string<char,std::char_traits<char>,std::allocator<char>>' needs to have dll-interface to be used by clients of class 'Ogre::RTShader::ShaderGenerator'
C:\Program Files (x86)\Microsoft Visual Studio\2019\Community\VC\Tools\MSVC\14.27.29110\include\xstring(4564): message : see declaration of 'std::basic_string<char,std::char_traits<char>,std::allocator<char>>'
D:\Ogre3D\ogre-1.12.11\Components\RTShaderSystem\include\OgreShaderGenerator.h(865,33): warning C4251: 'Ogre::RTShader::ShaderGenerator::mVertexShaderProfiles': class 'std::basic_string<char,std::char_traits<char>,std::allocator<char>>' needs to have dll-interface to be used by clients of class 'Ogre::RTShader::ShaderGenerator'
C:\Program Files (x86)\Microsoft Visual Studio\2019\Community\VC\Tools\MSVC\14.27.29110\include\xstring(4564): message : see declaration of 'std::basic_string<char,std::char_traits<char>,std::allocator<char>>'
D:\Ogre3D\ogre-1.12.11\Components\RTShaderSystem\include\OgreShaderGenerator.h(867,43): warning C4251: 'Ogre::RTShader::ShaderGenerator::mVertexShaderProfilesList': class 'std::vector<Ogre::String,std::allocator<Ogre::String>>' needs to have dll-interface to be used by clients of class 'Ogre::RTShader::ShaderGenerator'
D:\Ogre3D\ogre-1.12.11\OgreMain\include\OgreString.h(110): message : see declaration of 'std::vector<Ogre::String,std::allocator<Ogre::String>>'
D:\Ogre3D\ogre-1.12.11\Components\RTShaderSystem\include\OgreShaderGenerator.h(869,35): warning C4251: 'Ogre::RTShader::ShaderGenerator::mFragmentShaderProfiles': class 'std::basic_string<char,std::char_traits<char>,std::allocator<char>>' needs to have dll-interface to be used by clients of class 'Ogre::RTShader::ShaderGenerator'
C:\Program Files (x86)\Microsoft Visual Studio\2019\Community\VC\Tools\MSVC\14.27.29110\include\xstring(4564): message : see declaration of 'std::basic_string<char,std::char_traits<char>,std::allocator<char>>'
D:\Ogre3D\ogre-1.12.11\Components\RTShaderSystem\include\OgreShaderGenerator.h(871,45): warning C4251: 'Ogre::RTShader::ShaderGenerator::mFragmentShaderProfilesList': class 'std::vector<Ogre::String,std::allocator<Ogre::String>>' needs to have dll-interface to be used by clients of class 'Ogre::RTShader::ShaderGenerator'
D:\Ogre3D\ogre-1.12.11\OgreMain\include\OgreString.h(110): message : see declaration of 'std::vector<Ogre::String,std::allocator<Ogre::String>>'
D:\Ogre3D\ogre-1.12.11\Components\RTShaderSystem\include\OgreShaderGenerator.h(873,28): warning C4251: 'Ogre::RTShader::ShaderGenerator::mShaderCachePath': class 'std::basic_string<char,std::char_traits<char>,std::allocator<char>>' needs to have dll-interface to be used by clients of class 'Ogre::RTShader::ShaderGenerator'
C:\Program Files (x86)\Microsoft Visual Studio\2019\Community\VC\Tools\MSVC\14.27.29110\include\xstring(4564): message : see declaration of 'std::basic_string<char,std::char_traits<char>,std::allocator<char>>'
D:\Ogre3D\ogre-1.12.11\Components\RTShaderSystem\include\OgreShaderGenerator.h(875,52): warning C4251: 'Ogre::RTShader::ShaderGenerator::mProgramManager': class 'std::unique_ptr<Ogre::RTShader::ProgramManager,std::default_delete<Ogre::RTShader::ProgramManager>>' needs to have dll-interface to be used by clients of class 'Ogre::RTShader::ShaderGenerator'
D:\Ogre3D\ogre-1.12.11\Components\RTShaderSystem\include\OgreShaderGenerator.h(875): message : see declaration of 'std::unique_ptr<Ogre::RTShader::ProgramManager,std::default_delete<Ogre::RTShader::ProgramManager>>'
D:\Ogre3D\ogre-1.12.11\Components\RTShaderSystem\include\OgreShaderGenerator.h(877,64): warning C4251: 'Ogre::RTShader::ShaderGenerator::mProgramWriterManager': class 'std::unique_ptr<Ogre::RTShader::ProgramWriterManager,std::default_delete<Ogre::RTShader::ProgramWriterManager>>' needs to have dll-interface to be used by clients of class 'Ogre::RTShader::ShaderGenerator'
D:\Ogre3D\ogre-1.12.11\Components\RTShaderSystem\include\OgreShaderGenerator.h(877): message : see declaration of 'std::unique_ptr<Ogre::RTShader::ProgramWriterManager,std::default_delete<Ogre::RTShader::ProgramWriterManager>>'
D:\Ogre3D\ogre-1.12.11\Components\RTShaderSystem\include\OgreShaderGenerator.h(881,66): warning C4251: 'Ogre::RTShader::ShaderGenerator::mFFPRenderStateBuilder': class 'std::unique_ptr<Ogre::RTShader::FFPRenderStateBuilder,std::default_delete<Ogre::RTShader::FFPRenderStateBuilder>>' needs to have dll-interface to be used by clients of class 'Ogre::RTShader::ShaderGenerator'
D:\Ogre3D\ogre-1.12.11\Components\RTShaderSystem\include\OgreShaderGenerator.h(881): message : see declaration of 'std::unique_ptr<Ogre::RTShader::FFPRenderStateBuilder,std::default_delete<Ogre::RTShader::FFPRenderStateBuilder>>'
D:\Ogre3D\ogre-1.12.11\Components\RTShaderSystem\include\OgreShaderGenerator.h(883,38): warning C4251: 'Ogre::RTShader::ShaderGenerator::mMaterialEntriesMap': class 'std::map<Ogre::RTShader::ShaderGenerator::MatGroupPair,Ogre::RTShader::ShaderGenerator::SGMaterial *,Ogre::RTShader::ShaderGenerator::MatGroupPair_less,std::allocator<std::pair<const Ogre::RTShader::ShaderGenerator::MatGroupPair,Ogre::RTShader::ShaderGenerator::SGMaterial *>>>' needs to have dll-interface to be used by clients of class 'Ogre::RTShader::ShaderGenerator'
D:\Ogre3D\ogre-1.12.11\Components\RTShaderSystem\include\OgreShaderGenerator.h(490): message : see declaration of 'std::map<Ogre::RTShader::ShaderGenerator::MatGroupPair,Ogre::RTShader::ShaderGenerator::SGMaterial *,Ogre::RTShader::ShaderGenerator::MatGroupPair_less,std::allocator<std::pair<const Ogre::RTShader::ShaderGenerator::MatGroupPair,Ogre::RTShader::ShaderGenerator::SGMaterial *>>>'
D:\Ogre3D\ogre-1.12.11\Components\RTShaderSystem\include\OgreShaderGenerator.h(885,34): warning C4251: 'Ogre::RTShader::ShaderGenerator::mSchemeEntriesMap': class 'std::map<Ogre::String,Ogre::RTShader::ShaderGenerator::SGScheme *,std::less<Ogre::String>,std::allocator<std::pair<const Ogre::String,Ogre::RTShader::ShaderGenerator::SGScheme *>>>' needs to have dll-interface to be used by clients of class 'Ogre::RTShader::ShaderGenerator'
D:\Ogre3D\ogre-1.12.11\Components\RTShaderSystem\include\OgreShaderGenerator.h(494): message : see declaration of 'std::map<Ogre::String,Ogre::RTShader::ShaderGenerator::SGScheme *,std::less<Ogre::String>,std::allocator<std::pair<const Ogre::String,Ogre::RTShader::ShaderGenerator::SGScheme *>>>'
D:\Ogre3D\ogre-1.12.11\Components\RTShaderSystem\include\OgreShaderGenerator.h(887,40): warning C4251: 'Ogre::RTShader::ShaderGenerator::mTechniqueEntriesMap': class 'std::map<Ogre::RTShader::ShaderGenerator::SGTechnique *,Ogre::RTShader::ShaderGenerator::SGTechnique *,std::less<Ogre::RTShader::ShaderGenerator::SGTechnique *>,std::allocator<std::pair<Ogre::RTShader::ShaderGenerator::SGTechnique *const ,Ogre::RTShader::ShaderGenerator::SGTechnique *>>>' needs to have dll-interface to be used by clients of class 'Ogre::RTShader::ShaderGenerator'
D:\Ogre3D\ogre-1.12.11\Components\RTShaderSystem\include\OgreShaderGenerator.h(487): message : see declaration of 'std::map<Ogre::RTShader::ShaderGenerator::SGTechnique *,Ogre::RTShader::ShaderGenerator::SGTechnique *,std::less<Ogre::RTShader::ShaderGenerator::SGTechnique *>,std::allocator<std::pair<Ogre::RTShader::ShaderGenerator::SGTechnique *const ,Ogre::RTShader::ShaderGenerator::SGTechnique *>>>'
D:\Ogre3D\ogre-1.12.11\Components\RTShaderSystem\include\OgreShaderGenerator.h(889,54): warning C4251: 'Ogre::RTShader::ShaderGenerator::mSubRenderStateFactories': class 'std::map<Ogre::String,Ogre::RTShader::SubRenderStateFactory *,std::less<Ogre::String>,std::allocator<std::pair<const Ogre::String,Ogre::RTShader::SubRenderStateFactory *>>>' needs to have dll-interface to be used by clients of class 'Ogre::RTShader::ShaderGenerator'
D:\Ogre3D\ogre-1.12.11\Components\RTShaderSystem\include\OgreShaderGenerator.h(748): message : see declaration of 'std::map<Ogre::String,Ogre::RTShader::SubRenderStateFactory *,std::less<Ogre::String>,std::allocator<std::pair<const Ogre::String,Ogre::RTShader::SubRenderStateFactory *>>>'
D:\Ogre3D\ogre-1.12.11\Components\RTShaderSystem\include\OgreShaderGenerator.h(891,61): warning C4251: 'Ogre::RTShader::ShaderGenerator::mBuiltinSRSFactories': class 'std::vector<Ogre::RTShader::SubRenderStateFactory *,std::allocator<Ogre::RTShader::SubRenderStateFactory *>>' needs to have dll-interface to be used by clients of class 'Ogre::RTShader::ShaderGenerator'
D:\Ogre3D\ogre-1.12.11\Components\RTShaderSystem\include\OgreShaderGenerator.h(891): message : see declaration of 'std::vector<Ogre::RTShader::SubRenderStateFactory *,std::allocator<Ogre::RTShader::SubRenderStateFactory *>>'
D:\Ogre3D\ogre-1.12.11\Components\RTShaderSystem\include\OgreShaderFunctionAtom.h(152,28): warning C4251: 'Ogre::RTShader::Operand::mParameter': class 'std::shared_ptr<Ogre::RTShader::Parameter>' needs to have dll-interface to be used by clients of class 'Ogre::RTShader::Operand'
D:\Ogre3D\ogre-1.12.11\Components\RTShaderSystem\include\OgreShaderPrerequisites.h(75): message : see declaration of 'std::shared_ptr<Ogre::RTShader::Parameter>'
D:\Ogre3D\ogre-1.12.11\Components\RTShaderSystem\include\OgreShaderFunctionAtom.h(233,28): warning C4251: 'Ogre::RTShader::FunctionAtom::mOperands': class 'std::vector<Ogre::RTShader::Operand,std::allocator<Ogre::RTShader::Operand>>' needs to have dll-interface to be used by clients of class 'Ogre::RTShader::FunctionAtom'
D:\Ogre3D\ogre-1.12.11\Components\RTShaderSystem\include\OgreShaderFunctionAtom.h(200): message : see declaration of 'std::vector<Ogre::RTShader::Operand,std::allocator<Ogre::RTShader::Operand>>'
D:\Ogre3D\ogre-1.12.11\Components\RTShaderSystem\include\OgreShaderFunctionAtom.h(234,25): warning C4251: 'Ogre::RTShader::FunctionAtom::mFunctionName': class 'std::basic_string<char,std::char_traits<char>,std::allocator<char>>' needs to have dll-interface to be used by clients of class 'Ogre::RTShader::FunctionAtom'
C:\Program Files (x86)\Microsoft Visual Studio\2019\Community\VC\Tools\MSVC\14.27.29110\include\xstring(4564): message : see declaration of 'std::basic_string<char,std::char_traits<char>,std::allocator<char>>'
D:\Ogre3D\ogre-1.12.11\Components\RTShaderSystem\include\OgreShaderFunctionAtom.h(292,23): warning C4251: 'Ogre::RTShader::FunctionInvocation::mReturnType': class 'std::basic_string<char,std::char_traits<char>,std::allocator<char>>' needs to have dll-interface to be used by clients of class 'Ogre::RTShader::FunctionInvocation'
C:\Program Files (x86)\Microsoft Visual Studio\2019\Community\VC\Tools\MSVC\14.27.29110\include\xstring(4564): message : see declaration of 'std::basic_string<char,std::char_traits<char>,std::allocator<char>>'
D:\Ogre3D\ogre-1.12.11\Components\RTShaderSystem\include\OgreShaderFunction.h(297,17): warning C4251: 'Ogre::RTShader::Function::mName': class 'std::basic_string<char,std::char_traits<char>,std::allocator<char>>' needs to have dll-interface to be used by clients of class 'Ogre::RTShader::Function'
C:\Program Files (x86)\Microsoft Visual Studio\2019\Community\VC\Tools\MSVC\14.27.29110\include\xstring(4564): message : see declaration of 'std::basic_string<char,std::char_traits<char>,std::allocator<char>>'
D:\Ogre3D\ogre-1.12.11\Components\RTShaderSystem\include\OgreShaderFunction.h(299,24): warning C4251: 'Ogre::RTShader::Function::mDescription': class 'std::basic_string<char,std::char_traits<char>,std::allocator<char>>' needs to have dll-interface to be used by clients of class 'Ogre::RTShader::Function'
C:\Program Files (x86)\Microsoft Visual Studio\2019\Community\VC\Tools\MSVC\14.27.29110\include\xstring(4564): message : see declaration of 'std::basic_string<char,std::char_traits<char>,std::allocator<char>>'
D:\Ogre3D\ogre-1.12.11\Components\RTShaderSystem\include\OgreShaderFunction.h(301,41): warning C4251: 'Ogre::RTShader::Function::mInputParameters': class 'std::vector<Ogre::RTShader::ParameterPtr,std::allocator<Ogre::RTShader::ParameterPtr>>' needs to have dll-interface to be used by clients of class 'Ogre::RTShader::Function'
D:\Ogre3D\ogre-1.12.11\Components\RTShaderSystem\include\OgreShaderPrerequisites.h(77): message : see declaration of 'std::vector<Ogre::RTShader::ParameterPtr,std::allocator<Ogre::RTShader::ParameterPtr>>'
D:\Ogre3D\ogre-1.12.11\Components\RTShaderSystem\include\OgreShaderFunction.h(303,42): warning C4251: 'Ogre::RTShader::Function::mOutputParameters': class 'std::vector<Ogre::RTShader::ParameterPtr,std::allocator<Ogre::RTShader::ParameterPtr>>' needs to have dll-interface to be used by clients of class 'Ogre::RTShader::Function'
D:\Ogre3D\ogre-1.12.11\Components\RTShaderSystem\include\OgreShaderPrerequisites.h(77): message : see declaration of 'std::vector<Ogre::RTShader::ParameterPtr,std::allocator<Ogre::RTShader::ParameterPtr>>'
D:\Ogre3D\ogre-1.12.11\Components\RTShaderSystem\include\OgreShaderFunction.h(305,41): warning C4251: 'Ogre::RTShader::Function::mLocalParameters': class 'std::vector<Ogre::RTShader::ParameterPtr,std::allocator<Ogre::RTShader::ParameterPtr>>' needs to have dll-interface to be used by clients of class 'Ogre::RTShader::Function'
D:\Ogre3D\ogre-1.12.11\Components\RTShaderSystem\include\OgreShaderPrerequisites.h(77): message : see declaration of 'std::vector<Ogre::RTShader::ParameterPtr,std::allocator<Ogre::RTShader::ParameterPtr>>'
D:\Ogre3D\ogre-1.12.11\Components\RTShaderSystem\include\OgreShaderFunction.h(307,62): warning C4251: 'Ogre::RTShader::Function::mAtomInstances': class 'std::map<size_t,Ogre::RTShader::FunctionAtomInstanceList,std::less<size_t>,std::allocator<std::pair<const size_t,Ogre::RTShader::FunctionAtomInstanceList>>>' needs to have dll-interface to be used by clients of class 'Ogre::RTShader::Function'
D:\Ogre3D\ogre-1.12.11\Components\RTShaderSystem\include\OgreShaderFunction.h(307): message : see declaration of 'std::map<size_t,Ogre::RTShader::FunctionAtomInstanceList,std::less<size_t>,std::allocator<std::pair<const size_t,Ogre::RTShader::FunctionAtomInstanceList>>>'
D:\Ogre3D\ogre-1.12.11\Components\RTShaderSystem\include\OgreShaderFunction.h(308,50): warning C4251: 'Ogre::RTShader::Function::mSortedAtomInstances': class 'std::vector<Ogre::RTShader::FunctionAtom *,std::allocator<Ogre::RTShader::FunctionAtom *>>' needs to have dll-interface to be used by clients of class 'Ogre::RTShader::Function'
D:\Ogre3D\ogre-1.12.11\Components\RTShaderSystem\include\OgreShaderFunctionAtom.h(324): message : see declaration of 'std::vector<Ogre::RTShader::FunctionAtom *,std::allocator<Ogre::RTShader::FunctionAtom *>>'
D:\Ogre3D\ogre-1.12.11\Components\RTShaderSystem\include\OgreShaderFFPTransform.h(83,23): warning C4251: 'Ogre::RTShader::FFPTransform::Type': class 'std::basic_string<char,std::char_traits<char>,std::allocator<char>>' needs to have dll-interface to be used by clients of class 'Ogre::RTShader::FFPTransform'
C:\Program Files (x86)\Microsoft Visual Studio\2019\Community\VC\Tools\MSVC\14.27.29110\include\xstring(4564): message : see declaration of 'std::basic_string<char,std::char_traits<char>,std::allocator<char>>'
D:\Ogre3D\ogre-1.12.11\Components\RTShaderSystem\include\OgreShaderFFPColour.h(113,23): warning C4251: 'Ogre::RTShader::FFPColour::Type': class 'std::basic_string<char,std::char_traits<char>,std::allocator<char>>' needs to have dll-interface to be used by clients of class 'Ogre::RTShader::FFPColour'
C:\Program Files (x86)\Microsoft Visual Studio\2019\Community\VC\Tools\MSVC\14.27.29110\include\xstring(4564): message : see declaration of 'std::basic_string<char,std::char_traits<char>,std::allocator<char>>'
D:\Ogre3D\ogre-1.12.11\Components\RTShaderSystem\include\OgreShaderFFPColour.h(124,33): warning C4251: 'Ogre::RTShader::FFPColour::mVSInputDiffuse': class 'std::shared_ptr<Ogre::RTShader::Parameter>' needs to have dll-interface to be used by clients of class 'Ogre::RTShader::FFPColour'
D:\Ogre3D\ogre-1.12.11\Components\RTShaderSystem\include\OgreShaderPrerequisites.h(75): message : see declaration of 'std::shared_ptr<Ogre::RTShader::Parameter>'
D:\Ogre3D\ogre-1.12.11\Components\RTShaderSystem\include\OgreShaderFFPColour.h(126,34): warning C4251: 'Ogre::RTShader::FFPColour::mVSOutputDiffuse': class 'std::shared_ptr<Ogre::RTShader::Parameter>' needs to have dll-interface to be used by clients of class 'Ogre::RTShader::FFPColour'
D:\Ogre3D\ogre-1.12.11\Components\RTShaderSystem\include\OgreShaderPrerequisites.h(75): message : see declaration of 'std::shared_ptr<Ogre::RTShader::Parameter>'
D:\Ogre3D\ogre-1.12.11\Components\RTShaderSystem\include\OgreShaderFFPColour.h(128,35): warning C4251: 'Ogre::RTShader::FFPColour::mVSOutputSpecular': class 'std::shared_ptr<Ogre::RTShader::Parameter>' needs to have dll-interface to be used by clients of class 'Ogre::RTShader::FFPColour'
D:\Ogre3D\ogre-1.12.11\Components\RTShaderSystem\include\OgreShaderPrerequisites.h(75): message : see declaration of 'std::shared_ptr<Ogre::RTShader::Parameter>'
D:\Ogre3D\ogre-1.12.11\Components\RTShaderSystem\include\OgreShaderFFPColour.h(130,33): warning C4251: 'Ogre::RTShader::FFPColour::mPSInputDiffuse': class 'std::shared_ptr<Ogre::RTShader::Parameter>' needs to have dll-interface to be used by clients of class 'Ogre::RTShader::FFPColour'
D:\Ogre3D\ogre-1.12.11\Components\RTShaderSystem\include\OgreShaderPrerequisites.h(75): message : see declaration of 'std::shared_ptr<Ogre::RTShader::Parameter>'
D:\Ogre3D\ogre-1.12.11\Components\RTShaderSystem\include\OgreShaderFFPColour.h(132,34): warning C4251: 'Ogre::RTShader::FFPColour::mPSInputSpecular': class 'std::shared_ptr<Ogre::RTShader::Parameter>' needs to have dll-interface to be used by clients of class 'Ogre::RTShader::FFPColour'
D:\Ogre3D\ogre-1.12.11\Components\RTShaderSystem\include\OgreShaderPrerequisites.h(75): message : see declaration of 'std::shared_ptr<Ogre::RTShader::Parameter>'
D:\Ogre3D\ogre-1.12.11\Components\RTShaderSystem\include\OgreShaderFFPColour.h(134,34): warning C4251: 'Ogre::RTShader::FFPColour::mPSOutputDiffuse': class 'std::shared_ptr<Ogre::RTShader::Parameter>' needs to have dll-interface to be used by clients of class 'Ogre::RTShader::FFPColour'
D:\Ogre3D\ogre-1.12.11\Components\RTShaderSystem\include\OgreShaderPrerequisites.h(75): message : see declaration of 'std::shared_ptr<Ogre::RTShader::Parameter>'
D:\Ogre3D\ogre-1.12.11\Components\RTShaderSystem\include\OgreShaderFFPLighting.h(93,23): warning C4251: 'Ogre::RTShader::FFPLighting::Type': class 'std::basic_string<char,std::char_traits<char>,std::allocator<char>>' needs to have dll-interface to be used by clients of class 'Ogre::RTShader::FFPLighting'
C:\Program Files (x86)\Microsoft Visual Studio\2019\Community\VC\Tools\MSVC\14.27.29110\include\xstring(4564): message : see declaration of 'std::basic_string<char,std::char_traits<char>,std::allocator<char>>'
D:\Ogre3D\ogre-1.12.11\Components\RTShaderSystem\include\OgreShaderFFPLighting.h(108,38): warning C4251: 'Ogre::RTShader::FFPLighting::LightParams::mPosition': class 'std::shared_ptr<Ogre::RTShader::UniformParameter>' needs to have dll-interface to be used by clients of struct 'Ogre::RTShader::FFPLighting::LightParams'
D:\Ogre3D\ogre-1.12.11\Components\RTShaderSystem\include\OgreShaderPrerequisites.h(76): message : see declaration of 'std::shared_ptr<Ogre::RTShader::UniformParameter>'
D:\Ogre3D\ogre-1.12.11\Components\RTShaderSystem\include\OgreShaderFFPLighting.h(110,39): warning C4251: 'Ogre::RTShader::FFPLighting::LightParams::mDirection': class 'std::shared_ptr<Ogre::RTShader::UniformParameter>' needs to have dll-interface to be used by clients of struct 'Ogre::RTShader::FFPLighting::LightParams'
D:\Ogre3D\ogre-1.12.11\Components\RTShaderSystem\include\OgreShaderPrerequisites.h(76): message : see declaration of 'std::shared_ptr<Ogre::RTShader::UniformParameter>'
D:\Ogre3D\ogre-1.12.11\Components\RTShaderSystem\include\OgreShaderFFPLighting.h(112,44): warning C4251: 'Ogre::RTShader::FFPLighting::LightParams::mAttenuatParams': class 'std::shared_ptr<Ogre::RTShader::UniformParameter>' needs to have dll-interface to be used by clients of struct 'Ogre::RTShader::FFPLighting::LightParams'
D:\Ogre3D\ogre-1.12.11\Components\RTShaderSystem\include\OgreShaderPrerequisites.h(76): message : see declaration of 'std::shared_ptr<Ogre::RTShader::UniformParameter>'
D:\Ogre3D\ogre-1.12.11\Components\RTShaderSystem\include\OgreShaderFFPLighting.h(114,40): warning C4251: 'Ogre::RTShader::FFPLighting::LightParams::mSpotParams': class 'std::shared_ptr<Ogre::RTShader::UniformParameter>' needs to have dll-interface to be used by clients of struct 'Ogre::RTShader::FFPLighting::LightParams'
D:\Ogre3D\ogre-1.12.11\Components\RTShaderSystem\include\OgreShaderPrerequisites.h(76): message : see declaration of 'std::shared_ptr<Ogre::RTShader::UniformParameter>'
D:\Ogre3D\ogre-1.12.11\Components\RTShaderSystem\include\OgreShaderFFPLighting.h(116,43): warning C4251: 'Ogre::RTShader::FFPLighting::LightParams::mDiffuseColour': class 'std::shared_ptr<Ogre::RTShader::UniformParameter>' needs to have dll-interface to be used by clients of struct 'Ogre::RTShader::FFPLighting::LightParams'
D:\Ogre3D\ogre-1.12.11\Components\RTShaderSystem\include\OgreShaderPrerequisites.h(76): message : see declaration of 'std::shared_ptr<Ogre::RTShader::UniformParameter>'
D:\Ogre3D\ogre-1.12.11\Components\RTShaderSystem\include\OgreShaderFFPLighting.h(118,44): warning C4251: 'Ogre::RTShader::FFPLighting::LightParams::mSpecularColour': class 'std::shared_ptr<Ogre::RTShader::UniformParameter>' needs to have dll-interface to be used by clients of struct 'Ogre::RTShader::FFPLighting::LightParams'
D:\Ogre3D\ogre-1.12.11\Components\RTShaderSystem\include\OgreShaderPrerequisites.h(76): message : see declaration of 'std::shared_ptr<Ogre::RTShader::UniformParameter>'
D:\Ogre3D\ogre-1.12.11\Components\RTShaderSystem\include\OgreShaderFFPLighting.h(122,30): warning C4251: 'Ogre::RTShader::FFPLighting::LightParams::mToLight': class 'std::shared_ptr<Ogre::RTShader::Parameter>' needs to have dll-interface to be used by clients of struct 'Ogre::RTShader::FFPLighting::LightParams'
D:\Ogre3D\ogre-1.12.11\Components\RTShaderSystem\include\OgreShaderPrerequisites.h(75): message : see declaration of 'std::shared_ptr<Ogre::RTShader::Parameter>'
D:\Ogre3D\ogre-1.12.11\Components\RTShaderSystem\include\OgreShaderFFPLighting.h(124,36): warning C4251: 'Ogre::RTShader::FFPLighting::LightParams::mPSInDirection': class 'std::shared_ptr<Ogre::RTShader::Parameter>' needs to have dll-interface to be used by clients of struct 'Ogre::RTShader::FFPLighting::LightParams'
D:\Ogre3D\ogre-1.12.11\Components\RTShaderSystem\include\OgreShaderPrerequisites.h(75): message : see declaration of 'std::shared_ptr<Ogre::RTShader::Parameter>'
D:\Ogre3D\ogre-1.12.11\Components\RTShaderSystem\include\OgreShaderFFPLighting.h(127,38): warning C4251: 'Ogre::RTShader::FFPLighting::LightParams::mVSOutToLightDir': class 'std::shared_ptr<Ogre::RTShader::Parameter>' needs to have dll-interface to be used by clients of struct 'Ogre::RTShader::FFPLighting::LightParams'
D:\Ogre3D\ogre-1.12.11\Components\RTShaderSystem\include\OgreShaderPrerequisites.h(75): message : see declaration of 'std::shared_ptr<Ogre::RTShader::Parameter>'
D:\Ogre3D\ogre-1.12.11\Components\RTShaderSystem\include\OgreShaderFFPLighting.h(129,37): warning C4251: 'Ogre::RTShader::FFPLighting::LightParams::mVSOutDirection': class 'std::shared_ptr<Ogre::RTShader::Parameter>' needs to have dll-interface to be used by clients of struct 'Ogre::RTShader::FFPLighting::LightParams'
D:\Ogre3D\ogre-1.12.11\Components\RTShaderSystem\include\OgreShaderPrerequisites.h(75): message : see declaration of 'std::shared_ptr<Ogre::RTShader::Parameter>'
D:\Ogre3D\ogre-1.12.11\Components\RTShaderSystem\include\OgreShaderFFPLighting.h(204,37): warning C4251: 'Ogre::RTShader::FFPLighting::mLightParamsList': class 'std::vector<Ogre::RTShader::FFPLighting::LightParams,std::allocator<Ogre::RTShader::FFPLighting::LightParams>>' needs to have dll-interface to be used by clients of class 'Ogre::RTShader::FFPLighting'
D:\Ogre3D\ogre-1.12.11\Components\RTShaderSystem\include\OgreShaderFFPLighting.h(132): message : see declaration of 'std::vector<Ogre::RTShader::FFPLighting::LightParams,std::allocator<Ogre::RTShader::FFPLighting::LightParams>>'
D:\Ogre3D\ogre-1.12.11\Components\RTShaderSystem\include\OgreShaderFFPLighting.h(206,41): warning C4251: 'Ogre::RTShader::FFPLighting::mWorldViewMatrix': class 'std::shared_ptr<Ogre::RTShader::UniformParameter>' needs to have dll-interface to be used by clients of class 'Ogre::RTShader::FFPLighting'
D:\Ogre3D\ogre-1.12.11\Components\RTShaderSystem\include\OgreShaderPrerequisites.h(76): message : see declaration of 'std::shared_ptr<Ogre::RTShader::UniformParameter>'
D:\Ogre3D\ogre-1.12.11\Components\RTShaderSystem\include\OgreShaderFFPLighting.h(208,43): warning C4251: 'Ogre::RTShader::FFPLighting::mWorldViewITMatrix': class 'std::shared_ptr<Ogre::RTShader::UniformParameter>' needs to have dll-interface to be used by clients of class 'Ogre::RTShader::FFPLighting'
D:\Ogre3D\ogre-1.12.11\Components\RTShaderSystem\include\OgreShaderPrerequisites.h(76): message : see declaration of 'std::shared_ptr<Ogre::RTShader::UniformParameter>'
D:\Ogre3D\ogre-1.12.11\Components\RTShaderSystem\include\OgreShaderFFPLighting.h(210,29): warning C4251: 'Ogre::RTShader::FFPLighting::mViewNormal': class 'std::shared_ptr<Ogre::RTShader::Parameter>' needs to have dll-interface to be used by clients of class 'Ogre::RTShader::FFPLighting'
D:\Ogre3D\ogre-1.12.11\Components\RTShaderSystem\include\OgreShaderPrerequisites.h(75): message : see declaration of 'std::shared_ptr<Ogre::RTShader::Parameter>'
D:\Ogre3D\ogre-1.12.11\Components\RTShaderSystem\include\OgreShaderFFPLighting.h(212,26): warning C4251: 'Ogre::RTShader::FFPLighting::mViewPos': class 'std::shared_ptr<Ogre::RTShader::Parameter>' needs to have dll-interface to be used by clients of class 'Ogre::RTShader::FFPLighting'
D:\Ogre3D\ogre-1.12.11\Components\RTShaderSystem\include\OgreShaderPrerequisites.h(75): message : see declaration of 'std::shared_ptr<Ogre::RTShader::Parameter>'
D:\Ogre3D\ogre-1.12.11\Components\RTShaderSystem\include\OgreShaderFFPLighting.h(214,26): warning C4251: 'Ogre::RTShader::FFPLighting::mToLight': class 'std::shared_ptr<Ogre::RTShader::Parameter>' needs to have dll-interface to be used by clients of class 'Ogre::RTShader::FFPLighting'
D:\Ogre3D\ogre-1.12.11\Components\RTShaderSystem\include\OgreShaderPrerequisites.h(75): message : see declaration of 'std::shared_ptr<Ogre::RTShader::Parameter>'
D:\Ogre3D\ogre-1.12.11\Components\RTShaderSystem\include\OgreShaderFFPLighting.h(216,25): warning C4251: 'Ogre::RTShader::FFPLighting::mToView': class 'std::shared_ptr<Ogre::RTShader::Parameter>' needs to have dll-interface to be used by clients of class 'Ogre::RTShader::FFPLighting'
D:\Ogre3D\ogre-1.12.11\Components\RTShaderSystem\include\OgreShaderPrerequisites.h(75): message : see declaration of 'std::shared_ptr<Ogre::RTShader::Parameter>'
D:\Ogre3D\ogre-1.12.11\Components\RTShaderSystem\include\OgreShaderFFPLighting.h(218,31): warning C4251: 'Ogre::RTShader::FFPLighting::mVSInPosition': class 'std::shared_ptr<Ogre::RTShader::Parameter>' needs to have dll-interface to be used by clients of class 'Ogre::RTShader::FFPLighting'
D:\Ogre3D\ogre-1.12.11\Components\RTShaderSystem\include\OgreShaderPrerequisites.h(75): message : see declaration of 'std::shared_ptr<Ogre::RTShader::Parameter>'
D:\Ogre3D\ogre-1.12.11\Components\RTShaderSystem\include\OgreShaderFFPLighting.h(220,29): warning C4251: 'Ogre::RTShader::FFPLighting::mVSInNormal': class 'std::shared_ptr<Ogre::RTShader::Parameter>' needs to have dll-interface to be used by clients of class 'Ogre::RTShader::FFPLighting'
D:\Ogre3D\ogre-1.12.11\Components\RTShaderSystem\include\OgreShaderPrerequisites.h(75): message : see declaration of 'std::shared_ptr<Ogre::RTShader::Parameter>'
D:\Ogre3D\ogre-1.12.11\Components\RTShaderSystem\include\OgreShaderFFPLighting.h(222,28): warning C4251: 'Ogre::RTShader::FFPLighting::mInDiffuse': class 'std::shared_ptr<Ogre::RTShader::Parameter>' needs to have dll-interface to be used by clients of class 'Ogre::RTShader::FFPLighting'
D:\Ogre3D\ogre-1.12.11\Components\RTShaderSystem\include\OgreShaderPrerequisites.h(75): message : see declaration of 'std::shared_ptr<Ogre::RTShader::Parameter>'
D:\Ogre3D\ogre-1.12.11\Components\RTShaderSystem\include\OgreShaderFFPLighting.h(224,29): warning C4251: 'Ogre::RTShader::FFPLighting::mOutDiffuse': class 'std::shared_ptr<Ogre::RTShader::Parameter>' needs to have dll-interface to be used by clients of class 'Ogre::RTShader::FFPLighting'
D:\Ogre3D\ogre-1.12.11\Components\RTShaderSystem\include\OgreShaderPrerequisites.h(75): message : see declaration of 'std::shared_ptr<Ogre::RTShader::Parameter>'
D:\Ogre3D\ogre-1.12.11\Components\RTShaderSystem\include\OgreShaderFFPLighting.h(226,30): warning C4251: 'Ogre::RTShader::FFPLighting::mOutSpecular': class 'std::shared_ptr<Ogre::RTShader::Parameter>' needs to have dll-interface to be used by clients of class 'Ogre::RTShader::FFPLighting'
D:\Ogre3D\ogre-1.12.11\Components\RTShaderSystem\include\OgreShaderPrerequisites.h(75): message : see declaration of 'std::shared_ptr<Ogre::RTShader::Parameter>'
D:\Ogre3D\ogre-1.12.11\Components\RTShaderSystem\include\OgreShaderFFPLighting.h(228,44): warning C4251: 'Ogre::RTShader::FFPLighting::mDerivedSceneColour': class 'std::shared_ptr<Ogre::RTShader::UniformParameter>' needs to have dll-interface to be used by clients of class 'Ogre::RTShader::FFPLighting'
D:\Ogre3D\ogre-1.12.11\Components\RTShaderSystem\include\OgreShaderPrerequisites.h(76): message : see declaration of 'std::shared_ptr<Ogre::RTShader::UniformParameter>'
D:\Ogre3D\ogre-1.12.11\Components\RTShaderSystem\include\OgreShaderFFPLighting.h(230,44): warning C4251: 'Ogre::RTShader::FFPLighting::mLightAmbientColour': class 'std::shared_ptr<Ogre::RTShader::UniformParameter>' needs to have dll-interface to be used by clients of class 'Ogre::RTShader::FFPLighting'
D:\Ogre3D\ogre-1.12.11\Components\RTShaderSystem\include\OgreShaderPrerequisites.h(76): message : see declaration of 'std::shared_ptr<Ogre::RTShader::UniformParameter>'
D:\Ogre3D\ogre-1.12.11\Components\RTShaderSystem\include\OgreShaderFFPLighting.h(232,51): warning C4251: 'Ogre::RTShader::FFPLighting::mDerivedAmbientLightColour': class 'std::shared_ptr<Ogre::RTShader::UniformParameter>' needs to have dll-interface to be used by clients of class 'Ogre::RTShader::FFPLighting'
D:\Ogre3D\ogre-1.12.11\Components\RTShaderSystem\include\OgreShaderPrerequisites.h(76): message : see declaration of 'std::shared_ptr<Ogre::RTShader::UniformParameter>'
D:\Ogre3D\ogre-1.12.11\Components\RTShaderSystem\include\OgreShaderFFPLighting.h(234,47): warning C4251: 'Ogre::RTShader::FFPLighting::mSurfaceEmissiveColour': class 'std::shared_ptr<Ogre::RTShader::UniformParameter>' needs to have dll-interface to be used by clients of class 'Ogre::RTShader::FFPLighting'
D:\Ogre3D\ogre-1.12.11\Components\RTShaderSystem\include\OgreShaderPrerequisites.h(76): message : see declaration of 'std::shared_ptr<Ogre::RTShader::UniformParameter>'
D:\Ogre3D\ogre-1.12.11\Components\RTShaderSystem\include\OgreShaderFFPLighting.h(236,42): warning C4251: 'Ogre::RTShader::FFPLighting::mSurfaceShininess': class 'std::shared_ptr<Ogre::RTShader::UniformParameter>' needs to have dll-interface to be used by clients of class 'Ogre::RTShader::FFPLighting'
D:\Ogre3D\ogre-1.12.11\Components\RTShaderSystem\include\OgreShaderPrerequisites.h(76): message : see declaration of 'std::shared_ptr<Ogre::RTShader::UniformParameter>'
D:\Ogre3D\ogre-1.12.11\Components\RTShaderSystem\include\OgreShaderFFPTexturing.h(82,23): warning C4251: 'Ogre::RTShader::FFPTexturing::Type': class 'std::basic_string<char,std::char_traits<char>,std::allocator<char>>' needs to have dll-interface to be used by clients of class 'Ogre::RTShader::FFPTexturing'
C:\Program Files (x86)\Microsoft Visual Studio\2019\Community\VC\Tools\MSVC\14.27.29110\include\xstring(4564): message : see declaration of 'std::basic_string<char,std::char_traits<char>,std::allocator<char>>'
D:\Ogre3D\ogre-1.12.11\Components\RTShaderSystem\include\OgreShaderFFPTexturing.h(103,43): warning C4251: 'Ogre::RTShader::FFPTexturing::TextureUnitParams::mTextureMatrix': class 'std::shared_ptr<Ogre::RTShader::UniformParameter>' needs to have dll-interface to be used by clients of struct 'Ogre::RTShader::FFPTexturing::TextureUnitParams'
D:\Ogre3D\ogre-1.12.11\Components\RTShaderSystem\include\OgreShaderPrerequisites.h(76): message : see declaration of 'std::shared_ptr<Ogre::RTShader::UniformParameter>'
D:\Ogre3D\ogre-1.12.11\Components\RTShaderSystem\include\OgreShaderFFPTexturing.h(105,56): warning C4251: 'Ogre::RTShader::FFPTexturing::TextureUnitParams::mTextureViewProjImageMatrix': class 'std::shared_ptr<Ogre::RTShader::UniformParameter>' needs to have dll-interface to be used by clients of struct 'Ogre::RTShader::FFPTexturing::TextureUnitParams'
D:\Ogre3D\ogre-1.12.11\Components\RTShaderSystem\include\OgreShaderPrerequisites.h(76): message : see declaration of 'std::shared_ptr<Ogre::RTShader::UniformParameter>'
D:\Ogre3D\ogre-1.12.11\Components\RTShaderSystem\include\OgreShaderFFPTexturing.h(107,44): warning C4251: 'Ogre::RTShader::FFPTexturing::TextureUnitParams::mTextureSampler': class 'std::shared_ptr<Ogre::RTShader::UniformParameter>' needs to have dll-interface to be used by clients of struct 'Ogre::RTShader::FFPTexturing::TextureUnitParams'
D:\Ogre3D\ogre-1.12.11\Components\RTShaderSystem\include\OgreShaderPrerequisites.h(76): message : see declaration of 'std::shared_ptr<Ogre::RTShader::UniformParameter>'
D:\Ogre3D\ogre-1.12.11\Components\RTShaderSystem\include\OgreShaderFFPTexturing.h(109,38): warning C4251: 'Ogre::RTShader::FFPTexturing::TextureUnitParams::mVSInputTexCoord': class 'std::shared_ptr<Ogre::RTShader::Parameter>' needs to have dll-interface to be used by clients of struct 'Ogre::RTShader::FFPTexturing::TextureUnitParams'
D:\Ogre3D\ogre-1.12.11\Components\RTShaderSystem\include\OgreShaderPrerequisites.h(75): message : see declaration of 'std::shared_ptr<Ogre::RTShader::Parameter>'
D:\Ogre3D\ogre-1.12.11\Components\RTShaderSystem\include\OgreShaderFFPTexturing.h(111,39): warning C4251: 'Ogre::RTShader::FFPTexturing::TextureUnitParams::mVSOutputTexCoord': class 'std::shared_ptr<Ogre::RTShader::Parameter>' needs to have dll-interface to be used by clients of struct 'Ogre::RTShader::FFPTexturing::TextureUnitParams'
D:\Ogre3D\ogre-1.12.11\Components\RTShaderSystem\include\OgreShaderPrerequisites.h(75): message : see declaration of 'std::shared_ptr<Ogre::RTShader::Parameter>'
D:\Ogre3D\ogre-1.12.11\Components\RTShaderSystem\include\OgreShaderFFPTexturing.h(113,38): warning C4251: 'Ogre::RTShader::FFPTexturing::TextureUnitParams::mPSInputTexCoord': class 'std::shared_ptr<Ogre::RTShader::Parameter>' needs to have dll-interface to be used by clients of struct 'Ogre::RTShader::FFPTexturing::TextureUnitParams'
D:\Ogre3D\ogre-1.12.11\Components\RTShaderSystem\include\OgreShaderPrerequisites.h(75): message : see declaration of 'std::shared_ptr<Ogre::RTShader::Parameter>'
D:\Ogre3D\ogre-1.12.11\Components\RTShaderSystem\include\OgreShaderFFPTexturing.h(209,49): warning C4251: 'Ogre::RTShader::FFPTexturing::mTextureUnitParamsList': class 'std::vector<Ogre::RTShader::FFPTexturing::TextureUnitParams,std::allocator<Ogre::RTShader::FFPTexturing::TextureUnitParams>>' needs to have dll-interface to be used by clients of class 'Ogre::RTShader::FFPTexturing'
D:\Ogre3D\ogre-1.12.11\Components\RTShaderSystem\include\OgreShaderFFPTexturing.h(116): message : see declaration of 'std::vector<Ogre::RTShader::FFPTexturing::TextureUnitParams,std::allocator<Ogre::RTShader::FFPTexturing::TextureUnitParams>>'
D:\Ogre3D\ogre-1.12.11\Components\RTShaderSystem\include\OgreShaderFFPTexturing.h(211,37): warning C4251: 'Ogre::RTShader::FFPTexturing::mWorldMatrix': class 'std::shared_ptr<Ogre::RTShader::UniformParameter>' needs to have dll-interface to be used by clients of class 'Ogre::RTShader::FFPTexturing'
D:\Ogre3D\ogre-1.12.11\Components\RTShaderSystem\include\OgreShaderPrerequisites.h(76): message : see declaration of 'std::shared_ptr<Ogre::RTShader::UniformParameter>'
D:\Ogre3D\ogre-1.12.11\Components\RTShaderSystem\include\OgreShaderFFPTexturing.h(213,39): warning C4251: 'Ogre::RTShader::FFPTexturing::mWorldITMatrix': class 'std::shared_ptr<Ogre::RTShader::UniformParameter>' needs to have dll-interface to be used by clients of class 'Ogre::RTShader::FFPTexturing'
D:\Ogre3D\ogre-1.12.11\Components\RTShaderSystem\include\OgreShaderPrerequisites.h(76): message : see declaration of 'std::shared_ptr<Ogre::RTShader::UniformParameter>'
D:\Ogre3D\ogre-1.12.11\Components\RTShaderSystem\include\OgreShaderFFPTexturing.h(215,36): warning C4251: 'Ogre::RTShader::FFPTexturing::mViewMatrix': class 'std::shared_ptr<Ogre::RTShader::UniformParameter>' needs to have dll-interface to be used by clients of class 'Ogre::RTShader::FFPTexturing'
D:\Ogre3D\ogre-1.12.11\Components\RTShaderSystem\include\OgreShaderPrerequisites.h(76): message : see declaration of 'std::shared_ptr<Ogre::RTShader::UniformParameter>'
D:\Ogre3D\ogre-1.12.11\Components\RTShaderSystem\include\OgreShaderFFPTexturing.h(217,32): warning C4251: 'Ogre::RTShader::FFPTexturing::mVSInputNormal': class 'std::shared_ptr<Ogre::RTShader::Parameter>' needs to have dll-interface to be used by clients of class 'Ogre::RTShader::FFPTexturing'
D:\Ogre3D\ogre-1.12.11\Components\RTShaderSystem\include\OgreShaderPrerequisites.h(75): message : see declaration of 'std::shared_ptr<Ogre::RTShader::Parameter>'
D:\Ogre3D\ogre-1.12.11\Components\RTShaderSystem\include\OgreShaderFFPTexturing.h(219,29): warning C4251: 'Ogre::RTShader::FFPTexturing::mVSInputPos': class 'std::shared_ptr<Ogre::RTShader::Parameter>' needs to have dll-interface to be used by clients of class 'Ogre::RTShader::FFPTexturing'
D:\Ogre3D\ogre-1.12.11\Components\RTShaderSystem\include\OgreShaderPrerequisites.h(75): message : see declaration of 'std::shared_ptr<Ogre::RTShader::Parameter>'
D:\Ogre3D\ogre-1.12.11\Components\RTShaderSystem\include\OgreShaderFFPTexturing.h(221,31): warning C4251: 'Ogre::RTShader::FFPTexturing::mPSOutDiffuse': class 'std::shared_ptr<Ogre::RTShader::Parameter>' needs to have dll-interface to be used by clients of class 'Ogre::RTShader::FFPTexturing'
D:\Ogre3D\ogre-1.12.11\Components\RTShaderSystem\include\OgreShaderPrerequisites.h(75): message : see declaration of 'std::shared_ptr<Ogre::RTShader::Parameter>'
D:\Ogre3D\ogre-1.12.11\Components\RTShaderSystem\include\OgreShaderFFPTexturing.h(223,28): warning C4251: 'Ogre::RTShader::FFPTexturing::mPSDiffuse': class 'std::shared_ptr<Ogre::RTShader::Parameter>' needs to have dll-interface to be used by clients of class 'Ogre::RTShader::FFPTexturing'
D:\Ogre3D\ogre-1.12.11\Components\RTShaderSystem\include\OgreShaderPrerequisites.h(75): message : see declaration of 'std::shared_ptr<Ogre::RTShader::Parameter>'
D:\Ogre3D\ogre-1.12.11\Components\RTShaderSystem\include\OgreShaderFFPTexturing.h(225,29): warning C4251: 'Ogre::RTShader::FFPTexturing::mPSSpecular': class 'std::shared_ptr<Ogre::RTShader::Parameter>' needs to have dll-interface to be used by clients of class 'Ogre::RTShader::FFPTexturing'
D:\Ogre3D\ogre-1.12.11\Components\RTShaderSystem\include\OgreShaderPrerequisites.h(75): message : see declaration of 'std::shared_ptr<Ogre::RTShader::Parameter>'
D:\Ogre3D\ogre-1.12.11\Components\RTShaderSystem\include\OgreShaderFFPFog.h(119,23): warning C4251: 'Ogre::RTShader::FFPFog::Type': class 'std::basic_string<char,std::char_traits<char>,std::allocator<char>>' needs to have dll-interface to be used by clients of class 'Ogre::RTShader::FFPFog'
C:\Program Files (x86)\Microsoft Visual Studio\2019\Community\VC\Tools\MSVC\14.27.29110\include\xstring(4564): message : see declaration of 'std::basic_string<char,std::char_traits<char>,std::allocator<char>>'
D:\Ogre3D\ogre-1.12.11\Components\RTShaderSystem\include\OgreShaderFFPFog.h(148,28): warning C4251: 'Ogre::RTShader::FFPFog::mFogParamsValue': class 'Ogre::Vector<4,Ogre::Real>' needs to have dll-interface to be used by clients of class 'Ogre::RTShader::FFPFog'
D:\Ogre3D\ogre-1.12.11\OgreMain\include\OgrePrerequisites.h(260): message : see declaration of 'Ogre::Vector<4,Ogre::Real>'
D:\Ogre3D\ogre-1.12.11\Components\RTShaderSystem\include\OgreShaderFFPFog.h(153,35): warning C4251: 'Ogre::RTShader::FFPFog::mFogColour': class 'std::shared_ptr<Ogre::RTShader::UniformParameter>' needs to have dll-interface to be used by clients of class 'Ogre::RTShader::FFPFog'
D:\Ogre3D\ogre-1.12.11\Components\RTShaderSystem\include\OgreShaderPrerequisites.h(76): message : see declaration of 'std::shared_ptr<Ogre::RTShader::UniformParameter>'
D:\Ogre3D\ogre-1.12.11\Components\RTShaderSystem\include\OgreShaderFFPFog.h(155,35): warning C4251: 'Ogre::RTShader::FFPFog::mFogParams': class 'std::shared_ptr<Ogre::RTShader::UniformParameter>' needs to have dll-interface to be used by clients of class 'Ogre::RTShader::FFPFog'
D:\Ogre3D\ogre-1.12.11\Components\RTShaderSystem\include\OgreShaderPrerequisites.h(76): message : see declaration of 'std::shared_ptr<Ogre::RTShader::UniformParameter>'
D:\Ogre3D\ogre-1.12.11\Components\RTShaderSystem\include\OgreShaderFFPFog.h(157,27): warning C4251: 'Ogre::RTShader::FFPFog::mVSOutPos': class 'std::shared_ptr<Ogre::RTShader::Parameter>' needs to have dll-interface to be used by clients of class 'Ogre::RTShader::FFPFog'
D:\Ogre3D\ogre-1.12.11\Components\RTShaderSystem\include\OgreShaderPrerequisites.h(75): message : see declaration of 'std::shared_ptr<Ogre::RTShader::Parameter>'
D:\Ogre3D\ogre-1.12.11\Components\RTShaderSystem\include\OgreShaderFFPFog.h(159,33): warning C4251: 'Ogre::RTShader::FFPFog::mVSOutFogFactor': class 'std::shared_ptr<Ogre::RTShader::Parameter>' needs to have dll-interface to be used by clients of class 'Ogre::RTShader::FFPFog'
D:\Ogre3D\ogre-1.12.11\Components\RTShaderSystem\include\OgreShaderPrerequisites.h(75): message : see declaration of 'std::shared_ptr<Ogre::RTShader::Parameter>'
D:\Ogre3D\ogre-1.12.11\Components\RTShaderSystem\include\OgreShaderFFPFog.h(161,32): warning C4251: 'Ogre::RTShader::FFPFog::mPSInFogFactor': class 'std::shared_ptr<Ogre::RTShader::Parameter>' needs to have dll-interface to be used by clients of class 'Ogre::RTShader::FFPFog'
D:\Ogre3D\ogre-1.12.11\Components\RTShaderSystem\include\OgreShaderPrerequisites.h(75): message : see declaration of 'std::shared_ptr<Ogre::RTShader::Parameter>'
D:\Ogre3D\ogre-1.12.11\Components\RTShaderSystem\include\OgreShaderFFPFog.h(163,29): warning C4251: 'Ogre::RTShader::FFPFog::mVSOutDepth': class 'std::shared_ptr<Ogre::RTShader::Parameter>' needs to have dll-interface to be used by clients of class 'Ogre::RTShader::FFPFog'
D:\Ogre3D\ogre-1.12.11\Components\RTShaderSystem\include\OgreShaderPrerequisites.h(75): message : see declaration of 'std::shared_ptr<Ogre::RTShader::Parameter>'
D:\Ogre3D\ogre-1.12.11\Components\RTShaderSystem\include\OgreShaderFFPFog.h(165,28): warning C4251: 'Ogre::RTShader::FFPFog::mPSInDepth': class 'std::shared_ptr<Ogre::RTShader::Parameter>' needs to have dll-interface to be used by clients of class 'Ogre::RTShader::FFPFog'
D:\Ogre3D\ogre-1.12.11\Components\RTShaderSystem\include\OgreShaderPrerequisites.h(75): message : see declaration of 'std::shared_ptr<Ogre::RTShader::Parameter>'
D:\Ogre3D\ogre-1.12.11\Components\RTShaderSystem\include\OgreShaderFFPFog.h(167,31): warning C4251: 'Ogre::RTShader::FFPFog::mPSOutDiffuse': class 'std::shared_ptr<Ogre::RTShader::Parameter>' needs to have dll-interface to be used by clients of class 'Ogre::RTShader::FFPFog'
D:\Ogre3D\ogre-1.12.11\Components\RTShaderSystem\include\OgreShaderPrerequisites.h(75): message : see declaration of 'std::shared_ptr<Ogre::RTShader::Parameter>'
D:\Ogre3D\ogre-1.12.11\Components\RTShaderSystem\include\OgreShaderExPerPixelLighting.h(67,23): warning C4251: 'Ogre::RTShader::PerPixelLighting::Type': class 'std::basic_string<char,std::char_traits<char>,std::allocator<char>>' needs to have dll-interface to be used by clients of class 'Ogre::RTShader::PerPixelLighting'
C:\Program Files (x86)\Microsoft Visual Studio\2019\Community\VC\Tools\MSVC\14.27.29110\include\xstring(4564): message : see declaration of 'std::basic_string<char,std::char_traits<char>,std::allocator<char>>'
D:\Ogre3D\ogre-1.12.11\Components\RTShaderSystem\include\OgreShaderExPerPixelLighting.h(107,31): warning C4251: 'Ogre::RTShader::PerPixelLighting::mVSOutViewPos': class 'std::shared_ptr<Ogre::RTShader::Parameter>' needs to have dll-interface to be used by clients of class 'Ogre::RTShader::PerPixelLighting'
D:\Ogre3D\ogre-1.12.11\Components\RTShaderSystem\include\OgreShaderPrerequisites.h(75): message : see declaration of 'std::shared_ptr<Ogre::RTShader::Parameter>'
D:\Ogre3D\ogre-1.12.11\Components\RTShaderSystem\include\OgreShaderExPerPixelLighting.h(109,30): warning C4251: 'Ogre::RTShader::PerPixelLighting::mVSOutNormal': class 'std::shared_ptr<Ogre::RTShader::Parameter>' needs to have dll-interface to be used by clients of class 'Ogre::RTShader::PerPixelLighting'
D:\Ogre3D\ogre-1.12.11\Components\RTShaderSystem\include\OgreShaderPrerequisites.h(75): message : see declaration of 'std::shared_ptr<Ogre::RTShader::Parameter>'
D:\Ogre3D\ogre-1.12.11\Components\RTShaderSystem\include\OgreShaderExNormalMapLighting.h(93,23): warning C4251: 'Ogre::RTShader::NormalMapLighting::Type': class 'std::basic_string<char,std::char_traits<char>,std::allocator<char>>' needs to have dll-interface to be used by clients of class 'Ogre::RTShader::NormalMapLighting'
C:\Program Files (x86)\Microsoft Visual Studio\2019\Community\VC\Tools\MSVC\14.27.29110\include\xstring(4564): message : see declaration of 'std::basic_string<char,std::char_traits<char>,std::allocator<char>>'
D:\Ogre3D\ogre-1.12.11\Components\RTShaderSystem\include\OgreShaderExNormalMapLighting.h(190,33): warning C4251: 'Ogre::RTShader::NormalMapLighting::mNormalMapTextureName': class 'std::basic_string<char,std::char_traits<char>,std::allocator<char>>' needs to have dll-interface to be used by clients of class 'Ogre::RTShader::NormalMapLighting'
C:\Program Files (x86)\Microsoft Visual Studio\2019\Community\VC\Tools\MSVC\14.27.29110\include\xstring(4564): message : see declaration of 'std::basic_string<char,std::char_traits<char>,std::allocator<char>>'
D:\Ogre3D\ogre-1.12.11\Components\RTShaderSystem\include\OgreShaderExNormalMapLighting.h(196,33): warning C4251: 'Ogre::RTShader::NormalMapLighting::mNormalMapSampler': class 'std::shared_ptr<Ogre::Sampler>' needs to have dll-interface to be used by clients of class 'Ogre::RTShader::NormalMapLighting'
D:\Ogre3D\ogre-1.12.11\OgreMain\include\OgreTextureUnitState.h(223): message : see declaration of 'std::shared_ptr<Ogre::Sampler>'
D:\Ogre3D\ogre-1.12.11\Components\RTShaderSystem\include\OgreShaderExNormalMapLighting.h(200,37): warning C4251: 'Ogre::RTShader::NormalMapLighting::mWorldMatrix': class 'std::shared_ptr<Ogre::RTShader::UniformParameter>' needs to have dll-interface to be used by clients of class 'Ogre::RTShader::NormalMapLighting'
D:\Ogre3D\ogre-1.12.11\Components\RTShaderSystem\include\OgreShaderPrerequisites.h(76): message : see declaration of 'std::shared_ptr<Ogre::RTShader::UniformParameter>'
D:\Ogre3D\ogre-1.12.11\Components\RTShaderSystem\include\OgreShaderExNormalMapLighting.h(202,43): warning C4251: 'Ogre::RTShader::NormalMapLighting::mWorldInvRotMatrix': class 'std::shared_ptr<Ogre::RTShader::UniformParameter>' needs to have dll-interface to be used by clients of class 'Ogre::RTShader::NormalMapLighting'
D:\Ogre3D\ogre-1.12.11\Components\RTShaderSystem\include\OgreShaderPrerequisites.h(76): message : see declaration of 'std::shared_ptr<Ogre::RTShader::UniformParameter>'
D:\Ogre3D\ogre-1.12.11\Components\RTShaderSystem\include\OgreShaderExNormalMapLighting.h(204,42): warning C4251: 'Ogre::RTShader::NormalMapLighting::mCamPosWorldSpace': class 'std::shared_ptr<Ogre::RTShader::UniformParameter>' needs to have dll-interface to be used by clients of class 'Ogre::RTShader::NormalMapLighting'
D:\Ogre3D\ogre-1.12.11\Components\RTShaderSystem\include\OgreShaderPrerequisites.h(76): message : see declaration of 'std::shared_ptr<Ogre::RTShader::UniformParameter>'
D:\Ogre3D\ogre-1.12.11\Components\RTShaderSystem\include\OgreShaderExNormalMapLighting.h(206,34): warning C4251: 'Ogre::RTShader::NormalMapLighting::mVSWorldPosition': class 'std::shared_ptr<Ogre::RTShader::Parameter>' needs to have dll-interface to be used by clients of class 'Ogre::RTShader::NormalMapLighting'
D:\Ogre3D\ogre-1.12.11\Components\RTShaderSystem\include\OgreShaderPrerequisites.h(75): message : see declaration of 'std::shared_ptr<Ogre::RTShader::Parameter>'
D:\Ogre3D\ogre-1.12.11\Components\RTShaderSystem\include\OgreShaderExNormalMapLighting.h(208,30): warning C4251: 'Ogre::RTShader::NormalMapLighting::mVSInTangent': class 'std::shared_ptr<Ogre::RTShader::Parameter>' needs to have dll-interface to be used by clients of class 'Ogre::RTShader::NormalMapLighting'
D:\Ogre3D\ogre-1.12.11\Components\RTShaderSystem\include\OgreShaderPrerequisites.h(75): message : see declaration of 'std::shared_ptr<Ogre::RTShader::Parameter>'
D:\Ogre3D\ogre-1.12.11\Components\RTShaderSystem\include\OgreShaderExNormalMapLighting.h(210,30): warning C4251: 'Ogre::RTShader::NormalMapLighting::mVSTBNMatrix': class 'std::shared_ptr<Ogre::RTShader::Parameter>' needs to have dll-interface to be used by clients of class 'Ogre::RTShader::NormalMapLighting'
D:\Ogre3D\ogre-1.12.11\Components\RTShaderSystem\include\OgreShaderPrerequisites.h(75): message : see declaration of 'std::shared_ptr<Ogre::RTShader::Parameter>'
D:\Ogre3D\ogre-1.12.11\Components\RTShaderSystem\include\OgreShaderExNormalMapLighting.h(212,29): warning C4251: 'Ogre::RTShader::NormalMapLighting::mVSLocalDir': class 'std::shared_ptr<Ogre::RTShader::Parameter>' needs to have dll-interface to be used by clients of class 'Ogre::RTShader::NormalMapLighting'
D:\Ogre3D\ogre-1.12.11\Components\RTShaderSystem\include\OgreShaderPrerequisites.h(75): message : see declaration of 'std::shared_ptr<Ogre::RTShader::Parameter>'
D:\Ogre3D\ogre-1.12.11\Components\RTShaderSystem\include\OgreShaderExNormalMapLighting.h(214,44): warning C4251: 'Ogre::RTShader::NormalMapLighting::mPSNormalMapSampler': class 'std::shared_ptr<Ogre::RTShader::UniformParameter>' needs to have dll-interface to be used by clients of class 'Ogre::RTShader::NormalMapLighting'
D:\Ogre3D\ogre-1.12.11\Components\RTShaderSystem\include\OgreShaderPrerequisites.h(76): message : see declaration of 'std::shared_ptr<Ogre::RTShader::UniformParameter>'
D:\Ogre3D\ogre-1.12.11\Components\RTShaderSystem\include\OgreShaderExNormalMapLighting.h(216,31): warning C4251: 'Ogre::RTShader::NormalMapLighting::mVSInTexcoord': class 'std::shared_ptr<Ogre::RTShader::Parameter>' needs to have dll-interface to be used by clients of class 'Ogre::RTShader::NormalMapLighting'
D:\Ogre3D\ogre-1.12.11\Components\RTShaderSystem\include\OgreShaderPrerequisites.h(75): message : see declaration of 'std::shared_ptr<Ogre::RTShader::Parameter>'
D:\Ogre3D\ogre-1.12.11\Components\RTShaderSystem\include\OgreShaderExNormalMapLighting.h(218,32): warning C4251: 'Ogre::RTShader::NormalMapLighting::mVSOutTexcoord': class 'std::shared_ptr<Ogre::RTShader::Parameter>' needs to have dll-interface to be used by clients of class 'Ogre::RTShader::NormalMapLighting'
D:\Ogre3D\ogre-1.12.11\Components\RTShaderSystem\include\OgreShaderPrerequisites.h(75): message : see declaration of 'std::shared_ptr<Ogre::RTShader::Parameter>'
D:\Ogre3D\ogre-1.12.11\Components\RTShaderSystem\include\OgreShaderExNormalMapLighting.h(220,31): warning C4251: 'Ogre::RTShader::NormalMapLighting::mPSInTexcoord': class 'std::shared_ptr<Ogre::RTShader::Parameter>' needs to have dll-interface to be used by clients of class 'Ogre::RTShader::NormalMapLighting'
D:\Ogre3D\ogre-1.12.11\Components\RTShaderSystem\include\OgreShaderPrerequisites.h(75): message : see declaration of 'std::shared_ptr<Ogre::RTShader::Parameter>'
D:\Ogre3D\ogre-1.12.11\Components\RTShaderSystem\include\OgreShaderExIntegratedPSSM3.h(101,23): warning C4251: 'Ogre::RTShader::IntegratedPSSM3::Type': class 'std::basic_string<char,std::char_traits<char>,std::allocator<char>>' needs to have dll-interface to be used by clients of class 'Ogre::RTShader::IntegratedPSSM3'
C:\Program Files (x86)\Microsoft Visual Studio\2019\Community\VC\Tools\MSVC\14.27.29110\include\xstring(4564): message : see declaration of 'std::basic_string<char,std::char_traits<char>,std::allocator<char>>'
D:\Ogre3D\ogre-1.12.11\Components\RTShaderSystem\include\OgreShaderExIntegratedPSSM3.h(114,44): warning C4251: 'Ogre::RTShader::IntegratedPSSM3::ShadowTextureParams::mTextureSampler': class 'std::shared_ptr<Ogre::RTShader::UniformParameter>' needs to have dll-interface to be used by clients of struct 'Ogre::RTShader::IntegratedPSSM3::ShadowTextureParams'
D:\Ogre3D\ogre-1.12.11\Components\RTShaderSystem\include\OgreShaderPrerequisites.h(76): message : see declaration of 'std::shared_ptr<Ogre::RTShader::UniformParameter>'
D:\Ogre3D\ogre-1.12.11\Components\RTShaderSystem\include\OgreShaderExIntegratedPSSM3.h(116,44): warning C4251: 'Ogre::RTShader::IntegratedPSSM3::ShadowTextureParams::mInvTextureSize': class 'std::shared_ptr<Ogre::RTShader::UniformParameter>' needs to have dll-interface to be used by clients of struct 'Ogre::RTShader::IntegratedPSSM3::ShadowTextureParams'
D:\Ogre3D\ogre-1.12.11\Components\RTShaderSystem\include\OgreShaderPrerequisites.h(76): message : see declaration of 'std::shared_ptr<Ogre::RTShader::UniformParameter>'
D:\Ogre3D\ogre-1.12.11\Components\RTShaderSystem\include\OgreShaderExIntegratedPSSM3.h(118,49): warning C4251: 'Ogre::RTShader::IntegratedPSSM3::ShadowTextureParams::mWorldViewProjMatrix': class 'std::shared_ptr<Ogre::RTShader::UniformParameter>' needs to have dll-interface to be used by clients of struct 'Ogre::RTShader::IntegratedPSSM3::ShadowTextureParams'
D:\Ogre3D\ogre-1.12.11\Components\RTShaderSystem\include\OgreShaderPrerequisites.h(76): message : see declaration of 'std::shared_ptr<Ogre::RTShader::UniformParameter>'
D:\Ogre3D\ogre-1.12.11\Components\RTShaderSystem\include\OgreShaderExIntegratedPSSM3.h(120,41): warning C4251: 'Ogre::RTShader::IntegratedPSSM3::ShadowTextureParams::mVSOutLightPosition': class 'std::shared_ptr<Ogre::RTShader::Parameter>' needs to have dll-interface to be used by clients of struct 'Ogre::RTShader::IntegratedPSSM3::ShadowTextureParams'
D:\Ogre3D\ogre-1.12.11\Components\RTShaderSystem\include\OgreShaderPrerequisites.h(75): message : see declaration of 'std::shared_ptr<Ogre::RTShader::Parameter>'
D:\Ogre3D\ogre-1.12.11\Components\RTShaderSystem\include\OgreShaderExIntegratedPSSM3.h(122,40): warning C4251: 'Ogre::RTShader::IntegratedPSSM3::ShadowTextureParams::mPSInLightPosition': class 'std::shared_ptr<Ogre::RTShader::Parameter>' needs to have dll-interface to be used by clients of struct 'Ogre::RTShader::IntegratedPSSM3::ShadowTextureParams'
D:\Ogre3D\ogre-1.12.11\Components\RTShaderSystem\include\OgreShaderPrerequisites.h(75): message : see declaration of 'std::shared_ptr<Ogre::RTShader::Parameter>'
D:\Ogre3D\ogre-1.12.11\Components\RTShaderSystem\include\OgreShaderExIntegratedPSSM3.h(167,53): warning C4251: 'Ogre::RTShader::IntegratedPSSM3::mShadowTextureParamsList': class 'std::vector<Ogre::RTShader::IntegratedPSSM3::ShadowTextureParams,std::allocator<Ogre::RTShader::IntegratedPSSM3::ShadowTextureParams>>' needs to have dll-interface to be used by clients of class 'Ogre::RTShader::IntegratedPSSM3'
D:\Ogre3D\ogre-1.12.11\Components\RTShaderSystem\include\OgreShaderExIntegratedPSSM3.h(126): message : see declaration of 'std::vector<Ogre::RTShader::IntegratedPSSM3::ShadowTextureParams,std::allocator<Ogre::RTShader::IntegratedPSSM3::ShadowTextureParams>>'
D:\Ogre3D\ogre-1.12.11\Components\RTShaderSystem\include\OgreShaderExIntegratedPSSM3.h(169,39): warning C4251: 'Ogre::RTShader::IntegratedPSSM3::mPSSplitPoints': class 'std::shared_ptr<Ogre::RTShader::UniformParameter>' needs to have dll-interface to be used by clients of class 'Ogre::RTShader::IntegratedPSSM3'
D:\Ogre3D\ogre-1.12.11\Components\RTShaderSystem\include\OgreShaderPrerequisites.h(76): message : see declaration of 'std::shared_ptr<Ogre::RTShader::UniformParameter>'
D:\Ogre3D\ogre-1.12.11\Components\RTShaderSystem\include\OgreShaderExIntegratedPSSM3.h(171,26): warning C4251: 'Ogre::RTShader::IntegratedPSSM3::mVSInPos': class 'std::shared_ptr<Ogre::RTShader::Parameter>' needs to have dll-interface to be used by clients of class 'Ogre::RTShader::IntegratedPSSM3'
D:\Ogre3D\ogre-1.12.11\Components\RTShaderSystem\include\OgreShaderPrerequisites.h(75): message : see declaration of 'std::shared_ptr<Ogre::RTShader::Parameter>'
D:\Ogre3D\ogre-1.12.11\Components\RTShaderSystem\include\OgreShaderExIntegratedPSSM3.h(173,27): warning C4251: 'Ogre::RTShader::IntegratedPSSM3::mVSOutPos': class 'std::shared_ptr<Ogre::RTShader::Parameter>' needs to have dll-interface to be used by clients of class 'Ogre::RTShader::IntegratedPSSM3'
D:\Ogre3D\ogre-1.12.11\Components\RTShaderSystem\include\OgreShaderPrerequisites.h(75): message : see declaration of 'std::shared_ptr<Ogre::RTShader::Parameter>'
D:\Ogre3D\ogre-1.12.11\Components\RTShaderSystem\include\OgreShaderExIntegratedPSSM3.h(175,29): warning C4251: 'Ogre::RTShader::IntegratedPSSM3::mVSOutDepth': class 'std::shared_ptr<Ogre::RTShader::Parameter>' needs to have dll-interface to be used by clients of class 'Ogre::RTShader::IntegratedPSSM3'
D:\Ogre3D\ogre-1.12.11\Components\RTShaderSystem\include\OgreShaderPrerequisites.h(75): message : see declaration of 'std::shared_ptr<Ogre::RTShader::Parameter>'
D:\Ogre3D\ogre-1.12.11\Components\RTShaderSystem\include\OgreShaderExIntegratedPSSM3.h(177,28): warning C4251: 'Ogre::RTShader::IntegratedPSSM3::mPSInDepth': class 'std::shared_ptr<Ogre::RTShader::Parameter>' needs to have dll-interface to be used by clients of class 'Ogre::RTShader::IntegratedPSSM3'
D:\Ogre3D\ogre-1.12.11\Components\RTShaderSystem\include\OgreShaderPrerequisites.h(75): message : see declaration of 'std::shared_ptr<Ogre::RTShader::Parameter>'
D:\Ogre3D\ogre-1.12.11\Components\RTShaderSystem\include\OgreShaderExIntegratedPSSM3.h(179,38): warning C4251: 'Ogre::RTShader::IntegratedPSSM3::mPSLocalShadowFactor': class 'std::shared_ptr<Ogre::RTShader::Parameter>' needs to have dll-interface to be used by clients of class 'Ogre::RTShader::IntegratedPSSM3'
D:\Ogre3D\ogre-1.12.11\Components\RTShaderSystem\include\OgreShaderPrerequisites.h(75): message : see declaration of 'std::shared_ptr<Ogre::RTShader::Parameter>'
D:\Ogre3D\ogre-1.12.11\Components\RTShaderSystem\include\OgreShaderExIntegratedPSSM3.h(181,28): warning C4251: 'Ogre::RTShader::IntegratedPSSM3::mPSDiffuse': class 'std::shared_ptr<Ogre::RTShader::Parameter>' needs to have dll-interface to be used by clients of class 'Ogre::RTShader::IntegratedPSSM3'
D:\Ogre3D\ogre-1.12.11\Components\RTShaderSystem\include\OgreShaderPrerequisites.h(75): message : see declaration of 'std::shared_ptr<Ogre::RTShader::Parameter>'
D:\Ogre3D\ogre-1.12.11\Components\RTShaderSystem\include\OgreShaderExIntegratedPSSM3.h(183,31): warning C4251: 'Ogre::RTShader::IntegratedPSSM3::mPSOutDiffuse': class 'std::shared_ptr<Ogre::RTShader::Parameter>' needs to have dll-interface to be used by clients of class 'Ogre::RTShader::IntegratedPSSM3'
D:\Ogre3D\ogre-1.12.11\Components\RTShaderSystem\include\OgreShaderPrerequisites.h(75): message : see declaration of 'std::shared_ptr<Ogre::RTShader::Parameter>'
D:\Ogre3D\ogre-1.12.11\Components\RTShaderSystem\include\OgreShaderExIntegratedPSSM3.h(185,29): warning C4251: 'Ogre::RTShader::IntegratedPSSM3::mPSSpecualr': class 'std::shared_ptr<Ogre::RTShader::Parameter>' needs to have dll-interface to be used by clients of class 'Ogre::RTShader::IntegratedPSSM3'
D:\Ogre3D\ogre-1.12.11\Components\RTShaderSystem\include\OgreShaderPrerequisites.h(75): message : see declaration of 'std::shared_ptr<Ogre::RTShader::Parameter>'
D:\Ogre3D\ogre-1.12.11\Components\RTShaderSystem\include\OgreShaderExIntegratedPSSM3.h(187,46): warning C4251: 'Ogre::RTShader::IntegratedPSSM3::mPSDerivedSceneColour': class 'std::shared_ptr<Ogre::RTShader::UniformParameter>' needs to have dll-interface to be used by clients of class 'Ogre::RTShader::IntegratedPSSM3'
D:\Ogre3D\ogre-1.12.11\Components\RTShaderSystem\include\OgreShaderPrerequisites.h(76): message : see declaration of 'std::shared_ptr<Ogre::RTShader::UniformParameter>'
D:\Ogre3D\ogre-1.12.11\Components\RTShaderSystem\include\OgreShaderExLayeredBlending.h(153,23): warning C4251: 'Ogre::RTShader::LayeredBlending::Type': class 'std::basic_string<char,std::char_traits<char>,std::allocator<char>>' needs to have dll-interface to be used by clients of class 'Ogre::RTShader::LayeredBlending'
C:\Program Files (x86)\Microsoft Visual Studio\2019\Community\VC\Tools\MSVC\14.27.29110\include\xstring(4564): message : see declaration of 'std::basic_string<char,std::char_traits<char>,std::allocator<char>>'
D:\Ogre3D\ogre-1.12.11\Components\RTShaderSystem\include\OgreShaderExLayeredBlending.h(190,45): warning C4251: 'Ogre::RTShader::LayeredBlending::mTextureBlends': class 'std::vector<Ogre::RTShader::LayeredBlending::TextureBlend,std::allocator<Ogre::RTShader::LayeredBlending::TextureBlend>>' needs to have dll-interface to be used by clients of class 'Ogre::RTShader::LayeredBlending'
D:\Ogre3D\ogre-1.12.11\Components\RTShaderSystem\include\OgreShaderExLayeredBlending.h(190): message : see declaration of 'std::vector<Ogre::RTShader::LayeredBlending::TextureBlend,std::allocator<Ogre::RTShader::LayeredBlending::TextureBlend>>'
D:\Ogre3D\ogre-1.12.11\Components\RTShaderSystem\include\OgreShaderExHardwareSkinning.h(145,23): warning C4251: 'Ogre::RTShader::HardwareSkinning::Type': class 'std::basic_string<char,std::char_traits<char>,std::allocator<char>>' needs to have dll-interface to be used by clients of class 'Ogre::RTShader::HardwareSkinning'
C:\Program Files (x86)\Microsoft Visual Studio\2019\Community\VC\Tools\MSVC\14.27.29110\include\xstring(4564): message : see declaration of 'std::basic_string<char,std::char_traits<char>,std::allocator<char>>'
D:\Ogre3D\ogre-1.12.11\Components\RTShaderSystem\include\OgreShaderExHardwareSkinning.h(164,38): warning C4251: 'Ogre::RTShader::HardwareSkinning::mLinear': class 'Ogre::SharedPtr<Ogre::RTShader::LinearSkinning>' needs to have dll-interface to be used by clients of class 'Ogre::RTShader::HardwareSkinning'
D:\Ogre3D\ogre-1.12.11\Components\RTShaderSystem\include\OgreShaderExHardwareSkinning.h(164): message : see declaration of 'Ogre::SharedPtr<Ogre::RTShader::LinearSkinning>'
D:\Ogre3D\ogre-1.12.11\Components\RTShaderSystem\include\OgreShaderExHardwareSkinning.h(165,48): warning C4251: 'Ogre::RTShader::HardwareSkinning::mDualQuat': class 'Ogre::SharedPtr<Ogre::RTShader::DualQuaternionSkinning>' needs to have dll-interface to be used by clients of class 'Ogre::RTShader::HardwareSkinning'
D:\Ogre3D\ogre-1.12.11\Components\RTShaderSystem\include\OgreShaderExHardwareSkinning.h(165): message : see declaration of 'Ogre::SharedPtr<Ogre::RTShader::DualQuaternionSkinning>'
D:\Ogre3D\ogre-1.12.11\Components\RTShaderSystem\include\OgreShaderExHardwareSkinning.h(166,58): warning C4251: 'Ogre::RTShader::HardwareSkinning::mActiveTechnique': class 'Ogre::SharedPtr<Ogre::RTShader::HardwareSkinningTechnique>' needs to have dll-interface to be used by clients of class 'Ogre::RTShader::HardwareSkinning'
D:\Ogre3D\ogre-1.12.11\Components\RTShaderSystem\include\OgreShaderExHardwareSkinning.h(166): message : see declaration of 'Ogre::SharedPtr<Ogre::RTShader::HardwareSkinningTechnique>'
D:\Ogre3D\ogre-1.12.11\Components\RTShaderSystem\include\OgreShaderExHardwareSkinning.h(316,72): warning C4251: 'Ogre::RTShader::HardwareSkinningFactory::mCustomShadowCasterMaterialsLinear': class 'Ogre::SharedPtr<Ogre::Material>' needs to have dll-interface to be used by clients of class 'Ogre::RTShader::HardwareSkinningFactory'
D:\Ogre3D\ogre-1.12.11\OgreMain\include\OgrePrerequisites.h(300): message : see declaration of 'Ogre::SharedPtr<Ogre::Material>'
D:\Ogre3D\ogre-1.12.11\Components\RTShaderSystem\include\OgreShaderExHardwareSkinning.h(317,80): warning C4251: 'Ogre::RTShader::HardwareSkinningFactory::mCustomShadowCasterMaterialsDualQuaternion': class 'Ogre::SharedPtr<Ogre::Material>' needs to have dll-interface to be used by clients of class 'Ogre::RTShader::HardwareSkinningFactory'
D:\Ogre3D\ogre-1.12.11\OgreMain\include\OgrePrerequisites.h(300): message : see declaration of 'Ogre::SharedPtr<Ogre::Material>'
D:\Ogre3D\ogre-1.12.11\Components\RTShaderSystem\include\OgreShaderExHardwareSkinning.h(320,74): warning C4251: 'Ogre::RTShader::HardwareSkinningFactory::mCustomShadowReceiverMaterialsLinear': class 'Ogre::SharedPtr<Ogre::Material>' needs to have dll-interface to be used by clients of class 'Ogre::RTShader::HardwareSkinningFactory'
D:\Ogre3D\ogre-1.12.11\OgreMain\include\OgrePrerequisites.h(300): message : see declaration of 'Ogre::SharedPtr<Ogre::Material>'
D:\Ogre3D\ogre-1.12.11\Components\RTShaderSystem\include\OgreShaderExHardwareSkinning.h(321,82): warning C4251: 'Ogre::RTShader::HardwareSkinningFactory::mCustomShadowReceiverMaterialsDualQuaternion': class 'Ogre::SharedPtr<Ogre::Material>' needs to have dll-interface to be used by clients of class 'Ogre::RTShader::HardwareSkinningFactory'
D:\Ogre3D\ogre-1.12.11\OgreMain\include\OgrePrerequisites.h(300): message : see declaration of 'Ogre::SharedPtr<Ogre::Material>'
D:\Ogre3D\ogre-1.12.11\Components\Bites\include\OgreSGTechniqueResolverListener.h(46,93): warning C4275: non dll-interface class 'Ogre::MaterialManager::Listener' used as base for dll-interface class 'OgreBites::SGTechniqueResolverListener'
D:\Ogre3D\ogre-1.12.11\OgreMain\include\OgreMaterialManager.h(76): message : see declaration of 'Ogre::MaterialManager::Listener'
D:\Ogre3D\ogre-1.12.11\Components\Bites\include\OgreSGTechniqueResolverListener.h(46): message : see declaration of 'OgreBites::SGTechniqueResolverListener'
D:\Ogre3D\ogre-1.12.11\Components\Bites\include\OgreInput.h(199,47): warning C4251: 'OgreBites::InputListenerChain::mListenerChain': class 'std::vector<OgreBites::InputListener *,std::allocator<OgreBites::InputListener *>>' needs to have dll-interface to be used by clients of class 'OgreBites::InputListenerChain'
D:\Ogre3D\ogre-1.12.11\Components\Bites\include\OgreInput.h(199): message : see declaration of 'std::vector<OgreBites::InputListener *,std::allocator<OgreBites::InputListener *>>'
D:\Ogre3D\ogre-1.12.11\Components\Bites\include\OgreApplicationContextBase.h(295,35): warning C4251: 'OgreBites::ApplicationContextBase::mNextRenderer': class 'std::basic_string<char,std::char_traits<char>,std::allocator<char>>' needs to have dll-interface to be used by clients of class 'OgreBites::ApplicationContextBase'
C:\Program Files (x86)\Microsoft Visual Studio\2019\Community\VC\Tools\MSVC\14.27.29110\include\xstring(4564): message : see declaration of 'std::basic_string<char,std::char_traits<char>,std::allocator<char>>'
D:\Ogre3D\ogre-1.12.11\Components\Bites\include\OgreApplicationContextBase.h(296,30): warning C4251: 'OgreBites::ApplicationContextBase::mAppName': class 'std::basic_string<char,std::char_traits<char>,std::allocator<char>>' needs to have dll-interface to be used by clients of class 'OgreBites::ApplicationContextBase'
C:\Program Files (x86)\Microsoft Visual Studio\2019\Community\VC\Tools\MSVC\14.27.29110\include\xstring(4564): message : see declaration of 'std::basic_string<char,std::char_traits<char>,std::allocator<char>>'
D:\Ogre3D\ogre-1.12.11\Components\Bites\include\OgreApplicationContextBase.h(299,28): warning C4251: 'OgreBites::ApplicationContextBase::mWindows': class 'std::vector<OgreBites::NativeWindowPair,std::allocator<OgreBites::NativeWindowPair>>' needs to have dll-interface to be used by clients of class 'OgreBites::ApplicationContextBase'
D:\Ogre3D\ogre-1.12.11\Components\Bites\include\OgreApplicationContextBase.h(298): message : see declaration of 'std::vector<OgreBites::NativeWindowPair,std::allocator<OgreBites::NativeWindowPair>>'
D:\Ogre3D\ogre-1.12.11\Components\Bites\include\OgreApplicationContextBase.h(302,42): warning C4251: 'OgreBites::ApplicationContextBase::mInputListeners': class 'std::set<std::pair<uint32_t,OgreBites::InputListener *>,std::less<std::pair<uint32_t,OgreBites::InputListener *>>,std::allocator<std::pair<uint32_t,OgreBites::InputListener *>>>' needs to have dll-interface to be used by clients of class 'OgreBites::ApplicationContextBase'
D:\Ogre3D\ogre-1.12.11\Components\Bites\include\OgreApplicationContextBase.h(301): message : see declaration of 'std::set<std::pair<uint32_t,OgreBites::InputListener *>,std::less<std::pair<uint32_t,OgreBites::InputListener *>>,std::allocator<std::pair<uint32_t,OgreBites::InputListener *>>>'
  Generating code
  1 of 77 functions ( 1.3%) were compiled, the rest were copied from previous compilation.
    0 functions were new in current compilation
    0 functions had inline decision re-evaluated but remain unchanged
  Finished generating code
  GameEngine.vcxproj -> D:\Ogre3D\GameEngine\GameEngine\x64\Release\GameEngine.exe
